[2023-11-02 11:51:44.759] [pxr_streamer] [info] ***********  Log Begin **********
[2023-11-02 11:51:44.759] [pxr_streamer] [info] process id= 26976
[2023-11-02 11:51:44.759] [pxr_streamer] [error] rpc_terminal.cpp:37 operator (): connect failed, error= No connection could be made because the target machine actively refused it., this = 0x6a0fd670
[2023-11-02 11:51:44.761] [pxr_streamer] [error] rpc_terminal.h:50 Call: invalid rpc_client_, msg = Hello, this = 0x6a0fd670
[2023-11-02 11:51:44.761] [pxr_streamer] [error] rpc_terminal.h:50 Call: invalid rpc_client_, msg = QueryRemoteTerminals, this = 0x6a0fd670
[2023-11-02 11:51:47.795] [pxr_streamer] [error] rpc_terminal.cpp:37 operator (): connect failed, error= No connection could be made because the target machine actively refused it., this = 0x6a0fd670
[2023-11-02 11:51:50.835] [pxr_streamer] [error] rpc_terminal.cpp:37 operator (): connect failed, error= No connection could be made because the target machine actively refused it., this = 0x6a0fd670
[2023-11-02 11:51:53.875] [pxr_streamer] [error] rpc_terminal.cpp:37 operator (): connect failed, error= No connection could be made because the target machine actively refused it., this = 0x6a0fd670
[2023-11-02 11:51:56.928] [pxr_streamer] [error] rpc_terminal.cpp:37 operator (): connect failed, error= No connection could be made because the target machine actively refused it., this = 0x6a0fd670
[2023-11-02 11:51:59.984] [pxr_streamer] [error] rpc_terminal.cpp:37 operator (): connect failed, error= No connection could be made because the target machine actively refused it., this = 0x6a0fd670
[2023-11-02 11:52:03.029] [pxr_streamer] [error] rpc_terminal.cpp:37 operator (): connect failed, error= No connection could be made because the target machine actively refused it., this = 0x6a0fd670
[2023-11-02 11:52:06.055] [pxr_streamer] [error] rpc_terminal.cpp:37 operator (): connect failed, error= No connection could be made because the target machine actively refused it., this = 0x6a0fd670
[2023-11-02 11:52:09.080] [pxr_streamer] [error] rpc_terminal.cpp:37 operator (): connect failed, error= No connection could be made because the target machine actively refused it., this = 0x6a0fd670
[2023-11-02 11:52:12.128] [pxr_streamer] [error] rpc_terminal.cpp:37 operator (): connect failed, error= No connection could be made because the target machine actively refused it., this = 0x6a0fd670
[2023-11-02 11:52:15.161] [pxr_streamer] [error] rpc_terminal.cpp:37 operator (): connect failed, error= No connection could be made because the target machine actively refused it., this = 0x6a0fd670
[2023-11-02 11:52:18.196] [pxr_streamer] [error] rpc_terminal.cpp:37 operator (): connect failed, error= No connection could be made because the target machine actively refused it., this = 0x6a0fd670
[2023-11-02 11:52:21.227] [pxr_streamer] [error] rpc_terminal.cpp:37 operator (): connect failed, error= No connection could be made because the target machine actively refused it., this = 0x6a0fd670
[2023-11-02 11:52:24.257] [pxr_streamer] [error] rpc_terminal.cpp:37 operator (): connect failed, error= No connection could be made because the target machine actively refused it., this = 0x6a0fd670
[2023-11-02 11:52:27.288] [pxr_streamer] [error] rpc_terminal.cpp:37 operator (): connect failed, error= No connection could be made because the target machine actively refused it., this = 0x6a0fd670
[2023-11-02 11:52:30.334] [pxr_streamer] [error] rpc_terminal.cpp:37 operator (): connect failed, error= No connection could be made because the target machine actively refused it., this = 0x6a0fd670
[2023-11-02 11:52:33.365] [pxr_streamer] [error] rpc_terminal.cpp:37 operator (): connect failed, error= No connection could be made because the target machine actively refused it., this = 0x6a0fd670
[2023-11-02 11:52:36.410] [pxr_streamer] [error] rpc_terminal.cpp:37 operator (): connect failed, error= No connection could be made because the target machine actively refused it., this = 0x6a0fd670
[2023-11-02 11:52:39.450] [pxr_streamer] [error] rpc_terminal.cpp:37 operator (): connect failed, error= No connection could be made because the target machine actively refused it., this = 0x6a0fd670
[2023-11-02 11:52:42.485] [pxr_streamer] [error] rpc_terminal.cpp:37 operator (): connect failed, error= No connection could be made because the target machine actively refused it., this = 0x6a0fd670
[2023-11-02 11:52:45.535] [pxr_streamer] [error] rpc_terminal.cpp:37 operator (): connect failed, error= No connection could be made because the target machine actively refused it., this = 0x6a0fd670
[2023-11-02 11:52:48.562] [pxr_streamer] [error] rpc_terminal.cpp:37 operator (): connect failed, error= No connection could be made because the target machine actively refused it., this = 0x6a0fd670
[2023-11-02 11:52:51.599] [pxr_streamer] [error] rpc_terminal.cpp:37 operator (): connect failed, error= No connection could be made because the target machine actively refused it., this = 0x6a0fd670
[2023-11-02 11:52:54.637] [pxr_streamer] [error] rpc_terminal.cpp:37 operator (): connect failed, error= No connection could be made because the target machine actively refused it., this = 0x6a0fd670
[2023-11-02 11:52:57.661] [pxr_streamer] [error] rpc_terminal.cpp:37 operator (): connect failed, error= No connection could be made because the target machine actively refused it., this = 0x6a0fd670
[2023-11-02 11:53:00.693] [pxr_streamer] [error] rpc_terminal.cpp:37 operator (): connect failed, error= No connection could be made because the target machine actively refused it., this = 0x6a0fd670
[2023-11-02 11:53:03.725] [pxr_streamer] [error] rpc_terminal.cpp:37 operator (): connect failed, error= No connection could be made because the target machine actively refused it., this = 0x6a0fd670
[2023-11-02 11:53:06.764] [pxr_streamer] [error] rpc_terminal.cpp:37 operator (): connect failed, error= No connection could be made because the target machine actively refused it., this = 0x6a0fd670
[2023-11-02 11:53:09.795] [pxr_streamer] [error] rpc_terminal.cpp:37 operator (): connect failed, error= No connection could be made because the target machine actively refused it., this = 0x6a0fd670
[2023-11-02 11:53:12.818] [pxr_streamer] [error] rpc_terminal.cpp:37 operator (): connect failed, error= No connection could be made because the target machine actively refused it., this = 0x6a0fd670
[2023-11-02 11:53:15.856] [pxr_streamer] [error] rpc_terminal.cpp:37 operator (): connect failed, error= No connection could be made because the target machine actively refused it., this = 0x6a0fd670
[2023-11-02 11:53:18.896] [pxr_streamer] [error] rpc_terminal.cpp:37 operator (): connect failed, error= No connection could be made because the target machine actively refused it., this = 0x6a0fd670
[2023-11-02 11:53:21.922] [pxr_streamer] [error] rpc_terminal.cpp:37 operator (): connect failed, error= No connection could be made because the target machine actively refused it., this = 0x6a0fd670
[2023-11-02 11:53:24.962] [pxr_streamer] [error] rpc_terminal.cpp:37 operator (): connect failed, error= No connection could be made because the target machine actively refused it., this = 0x6a0fd670
[2023-11-02 11:53:27.994] [pxr_streamer] [error] rpc_terminal.cpp:37 operator (): connect failed, error= No connection could be made because the target machine actively refused it., this = 0x6a0fd670
[2023-11-02 11:53:31.031] [pxr_streamer] [error] rpc_terminal.cpp:37 operator (): connect failed, error= No connection could be made because the target machine actively refused it., this = 0x6a0fd670
[2023-11-02 11:53:34.061] [pxr_streamer] [error] rpc_terminal.cpp:37 operator (): connect failed, error= No connection could be made because the target machine actively refused it., this = 0x6a0fd670
[2023-11-02 11:53:37.084] [pxr_streamer] [error] rpc_terminal.cpp:37 operator (): connect failed, error= No connection could be made because the target machine actively refused it., this = 0x6a0fd670
[2023-11-02 11:53:40.110] [pxr_streamer] [error] rpc_terminal.cpp:37 operator (): connect failed, error= No connection could be made because the target machine actively refused it., this = 0x6a0fd670
[2023-11-02 11:53:43.138] [pxr_streamer] [error] rpc_terminal.cpp:37 operator (): connect failed, error= No connection could be made because the target machine actively refused it., this = 0x6a0fd670
[2023-11-02 11:53:46.173] [pxr_streamer] [error] rpc_terminal.cpp:37 operator (): connect failed, error= No connection could be made because the target machine actively refused it., this = 0x6a0fd670
[2023-11-02 11:53:49.211] [pxr_streamer] [error] rpc_terminal.cpp:37 operator (): connect failed, error= No connection could be made because the target machine actively refused it., this = 0x6a0fd670
[2023-11-02 11:53:52.231] [pxr_streamer] [error] rpc_terminal.cpp:37 operator (): connect failed, error= No connection could be made because the target machine actively refused it., this = 0x6a0fd670
[2023-11-02 11:53:55.265] [pxr_streamer] [error] rpc_terminal.cpp:37 operator (): connect failed, error= No connection could be made because the target machine actively refused it., this = 0x6a0fd670
[2023-11-02 11:53:58.303] [pxr_streamer] [error] rpc_terminal.cpp:37 operator (): connect failed, error= No connection could be made because the target machine actively refused it., this = 0x6a0fd670
[2023-11-02 11:54:01.320] [pxr_streamer] [error] rpc_terminal.cpp:37 operator (): connect failed, error= No connection could be made because the target machine actively refused it., this = 0x6a0fd670
[2023-11-02 11:54:04.339] [pxr_streamer] [error] rpc_terminal.cpp:37 operator (): connect failed, error= No connection could be made because the target machine actively refused it., this = 0x6a0fd670
[2023-11-02 11:54:07.358] [pxr_streamer] [error] rpc_terminal.cpp:37 operator (): connect failed, error= No connection could be made because the target machine actively refused it., this = 0x6a0fd670
[2023-11-02 11:54:10.399] [pxr_streamer] [error] rpc_terminal.cpp:37 operator (): connect failed, error= No connection could be made because the target machine actively refused it., this = 0x6a0fd670
[2023-11-02 11:54:13.434] [pxr_streamer] [error] rpc_terminal.cpp:37 operator (): connect failed, error= No connection could be made because the target machine actively refused it., this = 0x6a0fd670
[2023-11-02 11:54:16.468] [pxr_streamer] [error] rpc_terminal.cpp:37 operator (): connect failed, error= No connection could be made because the target machine actively refused it., this = 0x6a0fd670
[2023-11-02 11:54:19.504] [pxr_streamer] [error] rpc_terminal.cpp:37 operator (): connect failed, error= No connection could be made because the target machine actively refused it., this = 0x6a0fd670
[2023-11-02 11:54:22.538] [pxr_streamer] [error] rpc_terminal.cpp:37 operator (): connect failed, error= No connection could be made because the target machine actively refused it., this = 0x6a0fd670
[2023-11-02 11:54:25.589] [pxr_streamer] [error] rpc_terminal.cpp:37 operator (): connect failed, error= No connection could be made because the target machine actively refused it., this = 0x6a0fd670
[2023-11-02 11:54:28.611] [pxr_streamer] [error] rpc_terminal.cpp:37 operator (): connect failed, error= No connection could be made because the target machine actively refused it., this = 0x6a0fd670
[2023-11-02 11:54:31.647] [pxr_streamer] [error] rpc_terminal.cpp:37 operator (): connect failed, error= No connection could be made because the target machine actively refused it., this = 0x6a0fd670
[2023-11-02 11:54:34.678] [pxr_streamer] [error] rpc_terminal.cpp:37 operator (): connect failed, error= No connection could be made because the target machine actively refused it., this = 0x6a0fd670
[2023-11-02 11:54:37.710] [pxr_streamer] [error] rpc_terminal.cpp:37 operator (): connect failed, error= No connection could be made because the target machine actively refused it., this = 0x6a0fd670
[2023-11-02 11:54:40.727] [pxr_streamer] [error] rpc_terminal.cpp:37 operator (): connect failed, error= No connection could be made because the target machine actively refused it., this = 0x6a0fd670
[2023-11-02 11:54:43.755] [pxr_streamer] [error] rpc_terminal.cpp:37 operator (): connect failed, error= No connection could be made because the target machine actively refused it., this = 0x6a0fd670
[2023-11-02 11:54:46.784] [pxr_streamer] [error] rpc_terminal.cpp:37 operator (): connect failed, error= No connection could be made because the target machine actively refused it., this = 0x6a0fd670
[2023-11-02 11:54:49.826] [pxr_streamer] [error] rpc_terminal.cpp:37 operator (): connect failed, error= No connection could be made because the target machine actively refused it., this = 0x6a0fd670
[2023-11-02 11:54:52.887] [pxr_streamer] [error] rpc_terminal.cpp:37 operator (): connect failed, error= No connection could be made because the target machine actively refused it., this = 0x6a0fd670
[2023-11-02 11:54:55.939] [pxr_streamer] [error] rpc_terminal.cpp:37 operator (): connect failed, error= No connection could be made because the target machine actively refused it., this = 0x6a0fd670
[2023-11-02 11:54:58.977] [pxr_streamer] [error] rpc_terminal.cpp:37 operator (): connect failed, error= No connection could be made because the target machine actively refused it., this = 0x6a0fd670
[2023-11-02 11:55:02.012] [pxr_streamer] [error] rpc_terminal.cpp:37 operator (): connect failed, error= No connection could be made because the target machine actively refused it., this = 0x6a0fd670
[2023-11-02 11:55:05.048] [pxr_streamer] [error] rpc_terminal.cpp:37 operator (): connect failed, error= No connection could be made because the target machine actively refused it., this = 0x6a0fd670
[2023-11-02 11:55:08.091] [pxr_streamer] [error] rpc_terminal.cpp:37 operator (): connect failed, error= No connection could be made because the target machine actively refused it., this = 0x6a0fd670
[2023-11-02 11:55:11.117] [pxr_streamer] [error] rpc_terminal.cpp:37 operator (): connect failed, error= No connection could be made because the target machine actively refused it., this = 0x6a0fd670
[2023-11-02 11:55:14.158] [pxr_streamer] [error] rpc_terminal.cpp:37 operator (): connect failed, error= No connection could be made because the target machine actively refused it., this = 0x6a0fd670
[2023-11-02 11:55:17.204] [pxr_streamer] [error] rpc_terminal.cpp:37 operator (): connect failed, error= No connection could be made because the target machine actively refused it., this = 0x6a0fd670
[2023-11-02 11:55:20.227] [pxr_streamer] [error] rpc_terminal.cpp:37 operator (): connect failed, error= No connection could be made because the target machine actively refused it., this = 0x6a0fd670
[2023-11-02 11:55:23.270] [pxr_streamer] [error] rpc_terminal.cpp:37 operator (): connect failed, error= No connection could be made because the target machine actively refused it., this = 0x6a0fd670
[2023-11-02 11:55:26.303] [pxr_streamer] [error] rpc_terminal.cpp:37 operator (): connect failed, error= No connection could be made because the target machine actively refused it., this = 0x6a0fd670
[2023-11-02 11:55:29.336] [pxr_streamer] [error] rpc_terminal.cpp:37 operator (): connect failed, error= No connection could be made because the target machine actively refused it., this = 0x6a0fd670
[2023-11-02 11:55:32.364] [pxr_streamer] [error] rpc_terminal.cpp:37 operator (): connect failed, error= No connection could be made because the target machine actively refused it., this = 0x6a0fd670
[2023-11-02 11:55:35.410] [pxr_streamer] [error] rpc_terminal.cpp:37 operator (): connect failed, error= No connection could be made because the target machine actively refused it., this = 0x6a0fd670
[2023-11-02 11:55:38.440] [pxr_streamer] [error] rpc_terminal.cpp:37 operator (): connect failed, error= No connection could be made because the target machine actively refused it., this = 0x6a0fd670
[2023-11-02 11:55:41.472] [pxr_streamer] [error] rpc_terminal.cpp:37 operator (): connect failed, error= No connection could be made because the target machine actively refused it., this = 0x6a0fd670
[2023-11-02 11:55:44.504] [pxr_streamer] [error] rpc_terminal.cpp:37 operator (): connect failed, error= No connection could be made because the target machine actively refused it., this = 0x6a0fd670
[2023-11-02 11:55:47.547] [pxr_streamer] [error] rpc_terminal.cpp:37 operator (): connect failed, error= No connection could be made because the target machine actively refused it., this = 0x6a0fd670
[2023-11-02 11:55:50.580] [pxr_streamer] [error] rpc_terminal.cpp:37 operator (): connect failed, error= No connection could be made because the target machine actively refused it., this = 0x6a0fd670
[2023-11-02 11:55:53.609] [pxr_streamer] [error] rpc_terminal.cpp:37 operator (): connect failed, error= No connection could be made because the target machine actively refused it., this = 0x6a0fd670
[2023-11-02 11:55:56.642] [pxr_streamer] [error] rpc_terminal.cpp:37 operator (): connect failed, error= No connection could be made because the target machine actively refused it., this = 0x6a0fd670
[2023-11-02 11:55:59.675] [pxr_streamer] [error] rpc_terminal.cpp:37 operator (): connect failed, error= No connection could be made because the target machine actively refused it., this = 0x6a0fd670
[2023-11-02 11:56:02.685] [pxr_streamer] [error] rpc_terminal.cpp:37 operator (): connect failed, error= No connection could be made because the target machine actively refused it., this = 0x6a0fd670
[2023-11-02 11:56:05.698] [pxr_streamer] [error] rpc_terminal.cpp:37 operator (): connect failed, error= No connection could be made because the target machine actively refused it., this = 0x6a0fd670
[2023-11-02 11:56:08.708] [pxr_streamer] [error] rpc_terminal.cpp:37 operator (): connect failed, error= No connection could be made because the target machine actively refused it., this = 0x6a0fd670
[2023-11-02 11:56:11.742] [pxr_streamer] [error] rpc_terminal.cpp:37 operator (): connect failed, error= No connection could be made because the target machine actively refused it., this = 0x6a0fd670
[2023-11-02 11:56:14.772] [pxr_streamer] [error] rpc_terminal.cpp:37 operator (): connect failed, error= No connection could be made because the target machine actively refused it., this = 0x6a0fd670
[2023-11-02 11:56:17.789] [pxr_streamer] [error] rpc_terminal.cpp:37 operator (): connect failed, error= No connection could be made because the target machine actively refused it., this = 0x6a0fd670
[2023-11-02 11:56:20.841] [pxr_streamer] [error] rpc_terminal.cpp:37 operator (): connect failed, error= No connection could be made because the target machine actively refused it., this = 0x6a0fd670
[2023-11-02 11:56:23.868] [pxr_streamer] [error] rpc_terminal.cpp:37 operator (): connect failed, error= No connection could be made because the target machine actively refused it., this = 0x6a0fd670
[2023-11-02 11:56:26.891] [pxr_streamer] [error] rpc_terminal.cpp:37 operator (): connect failed, error= No connection could be made because the target machine actively refused it., this = 0x6a0fd670
[2023-11-02 11:56:29.928] [pxr_streamer] [error] rpc_terminal.cpp:37 operator (): connect failed, error= No connection could be made because the target machine actively refused it., this = 0x6a0fd670
[2023-11-02 11:56:32.943] [pxr_streamer] [error] rpc_terminal.cpp:37 operator (): connect failed, error= No connection could be made because the target machine actively refused it., this = 0x6a0fd670
[2023-11-02 11:56:35.971] [pxr_streamer] [error] rpc_terminal.cpp:37 operator (): connect failed, error= No connection could be made because the target machine actively refused it., this = 0x6a0fd670
[2023-11-02 11:56:38.997] [pxr_streamer] [error] rpc_terminal.cpp:37 operator (): connect failed, error= No connection could be made because the target machine actively refused it., this = 0x6a0fd670
[2023-11-02 11:56:42.005] [pxr_streamer] [error] rpc_terminal.cpp:37 operator (): connect failed, error= No connection could be made because the target machine actively refused it., this = 0x6a0fd670
[2023-11-02 11:56:45.030] [pxr_streamer] [error] rpc_terminal.cpp:37 operator (): connect failed, error= No connection could be made because the target machine actively refused it., this = 0x6a0fd670
[2023-11-02 11:56:48.069] [pxr_streamer] [error] rpc_terminal.cpp:37 operator (): connect failed, error= No connection could be made because the target machine actively refused it., this = 0x6a0fd670
[2023-11-02 11:56:51.103] [pxr_streamer] [error] rpc_terminal.cpp:37 operator (): connect failed, error= No connection could be made because the target machine actively refused it., this = 0x6a0fd670
[2023-11-02 11:56:54.142] [pxr_streamer] [error] rpc_terminal.cpp:37 operator (): connect failed, error= No connection could be made because the target machine actively refused it., this = 0x6a0fd670
[2023-11-02 11:56:57.168] [pxr_streamer] [error] rpc_terminal.cpp:37 operator (): connect failed, error= No connection could be made because the target machine actively refused it., this = 0x6a0fd670
[2023-11-02 11:57:00.195] [pxr_streamer] [error] rpc_terminal.cpp:37 operator (): connect failed, error= No connection could be made because the target machine actively refused it., this = 0x6a0fd670
[2023-11-02 11:57:03.226] [pxr_streamer] [error] rpc_terminal.cpp:37 operator (): connect failed, error= No connection could be made because the target machine actively refused it., this = 0x6a0fd670
[2023-11-02 11:57:06.254] [pxr_streamer] [error] rpc_terminal.cpp:37 operator (): connect failed, error= No connection could be made because the target machine actively refused it., this = 0x6a0fd670
[2023-11-02 11:57:09.287] [pxr_streamer] [error] rpc_terminal.cpp:37 operator (): connect failed, error= No connection could be made because the target machine actively refused it., this = 0x6a0fd670
[2023-11-02 11:57:12.318] [pxr_streamer] [error] rpc_terminal.cpp:37 operator (): connect failed, error= No connection could be made because the target machine actively refused it., this = 0x6a0fd670
[2023-11-02 11:57:15.368] [pxr_streamer] [error] rpc_terminal.cpp:37 operator (): connect failed, error= No connection could be made because the target machine actively refused it., this = 0x6a0fd670
[2023-11-02 11:57:18.398] [pxr_streamer] [error] rpc_terminal.cpp:37 operator (): connect failed, error= No connection could be made because the target machine actively refused it., this = 0x6a0fd670
[2023-11-02 11:57:21.429] [pxr_streamer] [error] rpc_terminal.cpp:37 operator (): connect failed, error= No connection could be made because the target machine actively refused it., this = 0x6a0fd670
[2023-11-02 11:57:24.446] [pxr_streamer] [error] rpc_terminal.cpp:37 operator (): connect failed, error= No connection could be made because the target machine actively refused it., this = 0x6a0fd670
[2023-11-02 11:57:27.483] [pxr_streamer] [error] rpc_terminal.cpp:37 operator (): connect failed, error= No connection could be made because the target machine actively refused it., this = 0x6a0fd670
[2023-11-02 11:57:30.516] [pxr_streamer] [error] rpc_terminal.cpp:37 operator (): connect failed, error= No connection could be made because the target machine actively refused it., this = 0x6a0fd670
[2023-11-02 11:57:33.567] [pxr_streamer] [error] rpc_terminal.cpp:37 operator (): connect failed, error= No connection could be made because the target machine actively refused it., this = 0x6a0fd670
[2023-11-02 11:57:36.585] [pxr_streamer] [error] rpc_terminal.cpp:37 operator (): connect failed, error= No connection could be made because the target machine actively refused it., this = 0x6a0fd670
[2023-11-02 11:57:39.604] [pxr_streamer] [error] rpc_terminal.cpp:37 operator (): connect failed, error= No connection could be made because the target machine actively refused it., this = 0x6a0fd670
[2023-11-02 11:57:42.646] [pxr_streamer] [error] rpc_terminal.cpp:37 operator (): connect failed, error= No connection could be made because the target machine actively refused it., this = 0x6a0fd670
[2023-11-02 11:57:45.673] [pxr_streamer] [error] rpc_terminal.cpp:37 operator (): connect failed, error= No connection could be made because the target machine actively refused it., this = 0x6a0fd670
[2023-11-02 11:57:48.680] [pxr_streamer] [error] rpc_terminal.cpp:37 operator (): connect failed, error= No connection could be made because the target machine actively refused it., this = 0x6a0fd670
[2023-11-02 11:57:51.713] [pxr_streamer] [error] rpc_terminal.cpp:37 operator (): connect failed, error= No connection could be made because the target machine actively refused it., this = 0x6a0fd670
[2023-11-02 11:57:54.736] [pxr_streamer] [error] rpc_terminal.cpp:37 operator (): connect failed, error= No connection could be made because the target machine actively refused it., this = 0x6a0fd670
[2023-11-02 11:57:57.764] [pxr_streamer] [error] rpc_terminal.cpp:37 operator (): connect failed, error= No connection could be made because the target machine actively refused it., this = 0x6a0fd670
[2023-11-02 11:58:00.811] [pxr_streamer] [error] rpc_terminal.cpp:37 operator (): connect failed, error= No connection could be made because the target machine actively refused it., this = 0x6a0fd670
[2023-11-02 11:58:03.843] [pxr_streamer] [error] rpc_terminal.cpp:37 operator (): connect failed, error= No connection could be made because the target machine actively refused it., this = 0x6a0fd670
[2023-11-02 11:58:06.880] [pxr_streamer] [error] rpc_terminal.cpp:37 operator (): connect failed, error= No connection could be made because the target machine actively refused it., this = 0x6a0fd670
[2023-11-02 11:58:09.899] [pxr_streamer] [error] rpc_terminal.cpp:37 operator (): connect failed, error= No connection could be made because the target machine actively refused it., this = 0x6a0fd670
[2023-11-02 11:58:12.925] [pxr_streamer] [error] rpc_terminal.cpp:37 operator (): connect failed, error= No connection could be made because the target machine actively refused it., this = 0x6a0fd670
[2023-11-02 11:58:15.971] [pxr_streamer] [error] rpc_terminal.cpp:37 operator (): connect failed, error= No connection could be made because the target machine actively refused it., this = 0x6a0fd670
[2023-11-02 11:58:19.007] [pxr_streamer] [error] rpc_terminal.cpp:37 operator (): connect failed, error= No connection could be made because the target machine actively refused it., this = 0x6a0fd670
[2023-11-02 11:58:22.050] [pxr_streamer] [error] rpc_terminal.cpp:37 operator (): connect failed, error= No connection could be made because the target machine actively refused it., this = 0x6a0fd670
[2023-11-02 11:58:25.088] [pxr_streamer] [error] rpc_terminal.cpp:37 operator (): connect failed, error= No connection could be made because the target machine actively refused it., this = 0x6a0fd670
[2023-11-02 11:58:28.119] [pxr_streamer] [error] rpc_terminal.cpp:37 operator (): connect failed, error= No connection could be made because the target machine actively refused it., this = 0x6a0fd670
[2023-11-02 11:58:31.139] [pxr_streamer] [error] rpc_terminal.cpp:37 operator (): connect failed, error= No connection could be made because the target machine actively refused it., this = 0x6a0fd670
[2023-11-02 11:58:34.162] [pxr_streamer] [error] rpc_terminal.cpp:37 operator (): connect failed, error= No connection could be made because the target machine actively refused it., this = 0x6a0fd670
[2023-11-02 11:58:37.213] [pxr_streamer] [error] rpc_terminal.cpp:37 operator (): connect failed, error= No connection could be made because the target machine actively refused it., this = 0x6a0fd670
[2023-11-02 11:58:40.230] [pxr_streamer] [error] rpc_terminal.cpp:37 operator (): connect failed, error= No connection could be made because the target machine actively refused it., this = 0x6a0fd670
[2023-11-02 11:58:43.242] [pxr_streamer] [error] rpc_terminal.cpp:37 operator (): connect failed, error= No connection could be made because the target machine actively refused it., this = 0x6a0fd670
[2023-11-02 11:58:46.299] [pxr_streamer] [error] rpc_terminal.cpp:37 operator (): connect failed, error= No connection could be made because the target machine actively refused it., this = 0x6a0fd670
[2023-11-02 11:58:49.356] [pxr_streamer] [error] rpc_terminal.cpp:37 operator (): connect failed, error= No connection could be made because the target machine actively refused it., this = 0x6a0fd670
[2023-11-02 11:58:52.410] [pxr_streamer] [error] rpc_terminal.cpp:37 operator (): connect failed, error= No connection could be made because the target machine actively refused it., this = 0x6a0fd670
[2023-11-02 11:58:55.449] [pxr_streamer] [error] rpc_terminal.cpp:37 operator (): connect failed, error= No connection could be made because the target machine actively refused it., this = 0x6a0fd670
[2023-11-02 11:58:58.479] [pxr_streamer] [error] rpc_terminal.cpp:37 operator (): connect failed, error= No connection could be made because the target machine actively refused it., this = 0x6a0fd670
[2023-11-02 11:59:01.513] [pxr_streamer] [error] rpc_terminal.cpp:37 operator (): connect failed, error= No connection could be made because the target machine actively refused it., this = 0x6a0fd670
[2023-11-02 11:59:04.559] [pxr_streamer] [error] rpc_terminal.cpp:37 operator (): connect failed, error= No connection could be made because the target machine actively refused it., this = 0x6a0fd670
[2023-11-02 11:59:07.593] [pxr_streamer] [error] rpc_terminal.cpp:37 operator (): connect failed, error= No connection could be made because the target machine actively refused it., this = 0x6a0fd670
[2023-11-02 11:59:10.619] [pxr_streamer] [error] rpc_terminal.cpp:37 operator (): connect failed, error= No connection could be made because the target machine actively refused it., this = 0x6a0fd670
[2023-11-02 11:59:13.647] [pxr_streamer] [error] rpc_terminal.cpp:37 operator (): connect failed, error= No connection could be made because the target machine actively refused it., this = 0x6a0fd670
[2023-11-02 11:59:16.677] [pxr_streamer] [error] rpc_terminal.cpp:37 operator (): connect failed, error= No connection could be made because the target machine actively refused it., this = 0x6a0fd670
[2023-11-02 11:59:19.725] [pxr_streamer] [error] rpc_terminal.cpp:37 operator (): connect failed, error= No connection could be made because the target machine actively refused it., this = 0x6a0fd670
[2023-11-02 11:59:22.758] [pxr_streamer] [error] rpc_terminal.cpp:37 operator (): connect failed, error= No connection could be made because the target machine actively refused it., this = 0x6a0fd670
[2023-11-02 11:59:25.788] [pxr_streamer] [error] rpc_terminal.cpp:37 operator (): connect failed, error= No connection could be made because the target machine actively refused it., this = 0x6a0fd670
[2023-11-02 11:59:28.818] [pxr_streamer] [error] rpc_terminal.cpp:37 operator (): connect failed, error= No connection could be made because the target machine actively refused it., this = 0x6a0fd670
[2023-11-02 11:59:31.854] [pxr_streamer] [error] rpc_terminal.cpp:37 operator (): connect failed, error= No connection could be made because the target machine actively refused it., this = 0x6a0fd670
[2023-11-02 11:59:34.891] [pxr_streamer] [error] rpc_terminal.cpp:37 operator (): connect failed, error= No connection could be made because the target machine actively refused it., this = 0x6a0fd670
[2023-11-02 11:59:37.926] [pxr_streamer] [error] rpc_terminal.cpp:37 operator (): connect failed, error= No connection could be made because the target machine actively refused it., this = 0x6a0fd670
[2023-11-02 11:59:40.952] [pxr_streamer] [error] rpc_terminal.cpp:37 operator (): connect failed, error= No connection could be made because the target machine actively refused it., this = 0x6a0fd670
[2023-11-02 11:59:43.985] [pxr_streamer] [error] rpc_terminal.cpp:37 operator (): connect failed, error= No connection could be made because the target machine actively refused it., this = 0x6a0fd670
[2023-11-02 11:59:47.027] [pxr_streamer] [error] rpc_terminal.cpp:37 operator (): connect failed, error= No connection could be made because the target machine actively refused it., this = 0x6a0fd670
[2023-11-02 11:59:50.069] [pxr_streamer] [error] rpc_terminal.cpp:37 operator (): connect failed, error= No connection could be made because the target machine actively refused it., this = 0x6a0fd670
[2023-11-02 11:59:53.094] [pxr_streamer] [error] rpc_terminal.cpp:37 operator (): connect failed, error= No connection could be made because the target machine actively refused it., this = 0x6a0fd670
[2023-11-02 11:59:56.116] [pxr_streamer] [error] rpc_terminal.cpp:37 operator (): connect failed, error= No connection could be made because the target machine actively refused it., this = 0x6a0fd670
[2023-11-02 11:59:59.149] [pxr_streamer] [error] rpc_terminal.cpp:37 operator (): connect failed, error= No connection could be made because the target machine actively refused it., this = 0x6a0fd670
[2023-11-02 12:00:02.191] [pxr_streamer] [error] rpc_terminal.cpp:37 operator (): connect failed, error= No connection could be made because the target machine actively refused it., this = 0x6a0fd670
[2023-11-02 12:00:05.223] [pxr_streamer] [error] rpc_terminal.cpp:37 operator (): connect failed, error= No connection could be made because the target machine actively refused it., this = 0x6a0fd670
[2023-11-02 12:00:08.262] [pxr_streamer] [error] rpc_terminal.cpp:37 operator (): connect failed, error= No connection could be made because the target machine actively refused it., this = 0x6a0fd670
[2023-11-02 12:00:11.299] [pxr_streamer] [error] rpc_terminal.cpp:37 operator (): connect failed, error= No connection could be made because the target machine actively refused it., this = 0x6a0fd670
[2023-11-02 12:00:14.335] [pxr_streamer] [error] rpc_terminal.cpp:37 operator (): connect failed, error= No connection could be made because the target machine actively refused it., this = 0x6a0fd670
[2023-11-02 12:00:17.350] [pxr_streamer] [error] rpc_terminal.cpp:37 operator (): connect failed, error= No connection could be made because the target machine actively refused it., this = 0x6a0fd670
[2023-11-02 12:00:20.374] [pxr_streamer] [error] rpc_terminal.cpp:37 operator (): connect failed, error= No connection could be made because the target machine actively refused it., this = 0x6a0fd670
[2023-11-02 12:00:23.394] [pxr_streamer] [error] rpc_terminal.cpp:37 operator (): connect failed, error= No connection could be made because the target machine actively refused it., this = 0x6a0fd670
[2023-11-02 12:00:26.429] [pxr_streamer] [error] rpc_terminal.cpp:37 operator (): connect failed, error= No connection could be made because the target machine actively refused it., this = 0x6a0fd670
[2023-11-02 12:00:29.461] [pxr_streamer] [error] rpc_terminal.cpp:37 operator (): connect failed, error= No connection could be made because the target machine actively refused it., this = 0x6a0fd670
[2023-11-02 12:00:32.498] [pxr_streamer] [error] rpc_terminal.cpp:37 operator (): connect failed, error= No connection could be made because the target machine actively refused it., this = 0x6a0fd670
[2023-11-02 12:00:35.521] [pxr_streamer] [error] rpc_terminal.cpp:37 operator (): connect failed, error= No connection could be made because the target machine actively refused it., this = 0x6a0fd670
[2023-11-02 12:00:38.544] [pxr_streamer] [error] rpc_terminal.cpp:37 operator (): connect failed, error= No connection could be made because the target machine actively refused it., this = 0x6a0fd670
[2023-11-02 12:00:41.590] [pxr_streamer] [error] rpc_terminal.cpp:37 operator (): connect failed, error= No connection could be made because the target machine actively refused it., this = 0x6a0fd670
[2023-11-02 12:00:44.630] [pxr_streamer] [error] rpc_terminal.cpp:37 operator (): connect failed, error= No connection could be made because the target machine actively refused it., this = 0x6a0fd670
[2023-11-02 12:00:47.672] [pxr_streamer] [error] rpc_terminal.cpp:37 operator (): connect failed, error= No connection could be made because the target machine actively refused it., this = 0x6a0fd670
[2023-11-02 12:00:50.705] [pxr_streamer] [error] rpc_terminal.cpp:37 operator (): connect failed, error= No connection could be made because the target machine actively refused it., this = 0x6a0fd670
[2023-11-02 12:00:53.742] [pxr_streamer] [error] rpc_terminal.cpp:37 operator (): connect failed, error= No connection could be made because the target machine actively refused it., this = 0x6a0fd670
[2023-11-02 12:00:56.763] [pxr_streamer] [error] rpc_terminal.cpp:37 operator (): connect failed, error= No connection could be made because the target machine actively refused it., this = 0x6a0fd670
[2023-11-02 12:00:59.790] [pxr_streamer] [error] rpc_terminal.cpp:37 operator (): connect failed, error= No connection could be made because the target machine actively refused it., this = 0x6a0fd670
[2023-11-02 12:01:02.822] [pxr_streamer] [error] rpc_terminal.cpp:37 operator (): connect failed, error= No connection could be made because the target machine actively refused it., this = 0x6a0fd670
[2023-11-02 12:01:05.842] [pxr_streamer] [error] rpc_terminal.cpp:37 operator (): connect failed, error= No connection could be made because the target machine actively refused it., this = 0x6a0fd670
[2023-11-02 12:01:08.873] [pxr_streamer] [error] rpc_terminal.cpp:37 operator (): connect failed, error= No connection could be made because the target machine actively refused it., this = 0x6a0fd670
[2023-11-02 12:01:11.891] [pxr_streamer] [error] rpc_terminal.cpp:37 operator (): connect failed, error= No connection could be made because the target machine actively refused it., this = 0x6a0fd670
[2023-11-02 12:01:14.912] [pxr_streamer] [error] rpc_terminal.cpp:37 operator (): connect failed, error= No connection could be made because the target machine actively refused it., this = 0x6a0fd670
[2023-11-02 12:01:17.924] [pxr_streamer] [error] rpc_terminal.cpp:37 operator (): connect failed, error= No connection could be made because the target machine actively refused it., this = 0x6a0fd670
[2023-11-02 12:01:20.962] [pxr_streamer] [error] rpc_terminal.cpp:37 operator (): connect failed, error= No connection could be made because the target machine actively refused it., this = 0x6a0fd670
[2023-11-02 12:01:23.980] [pxr_streamer] [error] rpc_terminal.cpp:37 operator (): connect failed, error= No connection could be made because the target machine actively refused it., this = 0x6a0fd670
[2023-11-02 12:01:26.998] [pxr_streamer] [error] rpc_terminal.cpp:37 operator (): connect failed, error= No connection could be made because the target machine actively refused it., this = 0x6a0fd670
[2023-11-02 12:01:30.045] [pxr_streamer] [error] rpc_terminal.cpp:37 operator (): connect failed, error= No connection could be made because the target machine actively refused it., this = 0x6a0fd670
[2023-11-02 12:01:33.075] [pxr_streamer] [error] rpc_terminal.cpp:37 operator (): connect failed, error= No connection could be made because the target machine actively refused it., this = 0x6a0fd670
[2023-11-02 12:01:36.107] [pxr_streamer] [error] rpc_terminal.cpp:37 operator (): connect failed, error= No connection could be made because the target machine actively refused it., this = 0x6a0fd670
[2023-11-02 12:01:39.150] [pxr_streamer] [error] rpc_terminal.cpp:37 operator (): connect failed, error= No connection could be made because the target machine actively refused it., this = 0x6a0fd670
[2023-11-02 12:01:42.193] [pxr_streamer] [error] rpc_terminal.cpp:37 operator (): connect failed, error= No connection could be made because the target machine actively refused it., this = 0x6a0fd670
[2023-11-02 12:01:45.222] [pxr_streamer] [error] rpc_terminal.cpp:37 operator (): connect failed, error= No connection could be made because the target machine actively refused it., this = 0x6a0fd670
[2023-11-02 12:01:48.269] [pxr_streamer] [error] rpc_terminal.cpp:37 operator (): connect failed, error= No connection could be made because the target machine actively refused it., this = 0x6a0fd670
[2023-11-02 12:01:51.303] [pxr_streamer] [error] rpc_terminal.cpp:37 operator (): connect failed, error= No connection could be made because the target machine actively refused it., this = 0x6a0fd670
[2023-11-02 12:01:54.356] [pxr_streamer] [error] rpc_terminal.cpp:37 operator (): connect failed, error= No connection could be made because the target machine actively refused it., this = 0x6a0fd670
[2023-11-02 12:01:57.398] [pxr_streamer] [error] rpc_terminal.cpp:37 operator (): connect failed, error= No connection could be made because the target machine actively refused it., this = 0x6a0fd670
[2023-11-02 12:02:00.441] [pxr_streamer] [error] rpc_terminal.cpp:37 operator (): connect failed, error= No connection could be made because the target machine actively refused it., this = 0x6a0fd670
[2023-11-02 12:02:03.465] [pxr_streamer] [error] rpc_terminal.cpp:37 operator (): connect failed, error= No connection could be made because the target machine actively refused it., this = 0x6a0fd670
[2023-11-02 12:02:06.501] [pxr_streamer] [error] rpc_terminal.cpp:37 operator (): connect failed, error= No connection could be made because the target machine actively refused it., this = 0x6a0fd670
[2023-11-02 12:02:09.530] [pxr_streamer] [error] rpc_terminal.cpp:37 operator (): connect failed, error= No connection could be made because the target machine actively refused it., this = 0x6a0fd670
[2023-11-02 12:02:12.553] [pxr_streamer] [error] rpc_terminal.cpp:37 operator (): connect failed, error= No connection could be made because the target machine actively refused it., this = 0x6a0fd670
[2023-11-02 12:02:15.590] [pxr_streamer] [error] rpc_terminal.cpp:37 operator (): connect failed, error= No connection could be made because the target machine actively refused it., this = 0x6a0fd670
[2023-11-02 12:02:18.621] [pxr_streamer] [error] rpc_terminal.cpp:37 operator (): connect failed, error= No connection could be made because the target machine actively refused it., this = 0x6a0fd670
[2023-11-02 12:02:21.678] [pxr_streamer] [error] rpc_terminal.cpp:37 operator (): connect failed, error= No connection could be made because the target machine actively refused it., this = 0x6a0fd670
[2023-11-02 12:02:24.726] [pxr_streamer] [error] rpc_terminal.cpp:37 operator (): connect failed, error= No connection could be made because the target machine actively refused it., this = 0x6a0fd670
[2023-11-02 12:02:27.765] [pxr_streamer] [error] rpc_terminal.cpp:37 operator (): connect failed, error= No connection could be made because the target machine actively refused it., this = 0x6a0fd670
[2023-11-02 12:02:30.809] [pxr_streamer] [error] rpc_terminal.cpp:37 operator (): connect failed, error= No connection could be made because the target machine actively refused it., this = 0x6a0fd670
[2023-11-02 12:02:33.866] [pxr_streamer] [error] rpc_terminal.cpp:37 operator (): connect failed, error= No connection could be made because the target machine actively refused it., this = 0x6a0fd670
[2023-11-02 12:02:36.902] [pxr_streamer] [error] rpc_terminal.cpp:37 operator (): connect failed, error= No connection could be made because the target machine actively refused it., this = 0x6a0fd670
[2023-11-02 12:02:39.946] [pxr_streamer] [error] rpc_terminal.cpp:37 operator (): connect failed, error= No connection could be made because the target machine actively refused it., this = 0x6a0fd670
[2023-11-02 12:02:42.990] [pxr_streamer] [error] rpc_terminal.cpp:37 operator (): connect failed, error= No connection could be made because the target machine actively refused it., this = 0x6a0fd670
[2023-11-02 12:02:46.014] [pxr_streamer] [error] rpc_terminal.cpp:37 operator (): connect failed, error= No connection could be made because the target machine actively refused it., this = 0x6a0fd670
[2023-11-02 12:02:49.031] [pxr_streamer] [error] rpc_terminal.cpp:37 operator (): connect failed, error= No connection could be made because the target machine actively refused it., this = 0x6a0fd670
[2023-11-02 12:02:52.066] [pxr_streamer] [error] rpc_terminal.cpp:37 operator (): connect failed, error= No connection could be made because the target machine actively refused it., this = 0x6a0fd670
[2023-11-02 12:02:55.098] [pxr_streamer] [error] rpc_terminal.cpp:37 operator (): connect failed, error= No connection could be made because the target machine actively refused it., this = 0x6a0fd670
[2023-11-02 12:02:58.136] [pxr_streamer] [error] rpc_terminal.cpp:37 operator (): connect failed, error= No connection could be made because the target machine actively refused it., this = 0x6a0fd670
[2023-11-02 12:03:01.172] [pxr_streamer] [error] rpc_terminal.cpp:37 operator (): connect failed, error= No connection could be made because the target machine actively refused it., this = 0x6a0fd670
[2023-11-02 12:03:04.207] [pxr_streamer] [error] rpc_terminal.cpp:37 operator (): connect failed, error= No connection could be made because the target machine actively refused it., this = 0x6a0fd670
[2023-11-02 12:03:07.247] [pxr_streamer] [error] rpc_terminal.cpp:37 operator (): connect failed, error= No connection could be made because the target machine actively refused it., this = 0x6a0fd670
[2023-11-02 12:03:10.271] [pxr_streamer] [error] rpc_terminal.cpp:37 operator (): connect failed, error= No connection could be made because the target machine actively refused it., this = 0x6a0fd670
[2023-11-02 12:03:13.298] [pxr_streamer] [error] rpc_terminal.cpp:37 operator (): connect failed, error= No connection could be made because the target machine actively refused it., this = 0x6a0fd670
[2023-11-02 12:03:16.330] [pxr_streamer] [error] rpc_terminal.cpp:37 operator (): connect failed, error= No connection could be made because the target machine actively refused it., this = 0x6a0fd670
[2023-11-02 12:03:19.366] [pxr_streamer] [error] rpc_terminal.cpp:37 operator (): connect failed, error= No connection could be made because the target machine actively refused it., this = 0x6a0fd670
[2023-11-02 12:03:22.403] [pxr_streamer] [error] rpc_terminal.cpp:37 operator (): connect failed, error= No connection could be made because the target machine actively refused it., this = 0x6a0fd670
[2023-11-02 12:03:25.428] [pxr_streamer] [error] rpc_terminal.cpp:37 operator (): connect failed, error= No connection could be made because the target machine actively refused it., this = 0x6a0fd670
[2023-11-02 12:03:28.454] [pxr_streamer] [error] rpc_terminal.cpp:37 operator (): connect failed, error= No connection could be made because the target machine actively refused it., this = 0x6a0fd670
[2023-11-02 12:03:31.488] [pxr_streamer] [error] rpc_terminal.cpp:37 operator (): connect failed, error= No connection could be made because the target machine actively refused it., this = 0x6a0fd670
[2023-11-02 12:03:34.517] [pxr_streamer] [error] rpc_terminal.cpp:37 operator (): connect failed, error= No connection could be made because the target machine actively refused it., this = 0x6a0fd670
[2023-11-02 12:03:37.551] [pxr_streamer] [error] rpc_terminal.cpp:37 operator (): connect failed, error= No connection could be made because the target machine actively refused it., this = 0x6a0fd670
[2023-11-02 12:03:40.574] [pxr_streamer] [error] rpc_terminal.cpp:37 operator (): connect failed, error= No connection could be made because the target machine actively refused it., this = 0x6a0fd670
[2023-11-02 12:03:43.604] [pxr_streamer] [error] rpc_terminal.cpp:37 operator (): connect failed, error= No connection could be made because the target machine actively refused it., this = 0x6a0fd670
[2023-11-02 12:03:46.640] [pxr_streamer] [error] rpc_terminal.cpp:37 operator (): connect failed, error= No connection could be made because the target machine actively refused it., this = 0x6a0fd670
[2023-11-02 12:03:49.677] [pxr_streamer] [error] rpc_terminal.cpp:37 operator (): connect failed, error= No connection could be made because the target machine actively refused it., this = 0x6a0fd670
[2023-11-02 12:03:52.706] [pxr_streamer] [error] rpc_terminal.cpp:37 operator (): connect failed, error= No connection could be made because the target machine actively refused it., this = 0x6a0fd670
[2023-11-02 12:03:55.731] [pxr_streamer] [error] rpc_terminal.cpp:37 operator (): connect failed, error= No connection could be made because the target machine actively refused it., this = 0x6a0fd670
[2023-11-02 12:03:58.783] [pxr_streamer] [error] rpc_terminal.cpp:37 operator (): connect failed, error= No connection could be made because the target machine actively refused it., this = 0x6a0fd670
[2023-11-02 12:04:01.813] [pxr_streamer] [error] rpc_terminal.cpp:37 operator (): connect failed, error= No connection could be made because the target machine actively refused it., this = 0x6a0fd670
[2023-11-02 12:04:04.832] [pxr_streamer] [error] rpc_terminal.cpp:37 operator (): connect failed, error= No connection could be made because the target machine actively refused it., this = 0x6a0fd670
[2023-11-02 12:04:07.871] [pxr_streamer] [error] rpc_terminal.cpp:37 operator (): connect failed, error= No connection could be made because the target machine actively refused it., this = 0x6a0fd670
[2023-11-02 12:04:10.924] [pxr_streamer] [error] rpc_terminal.cpp:37 operator (): connect failed, error= No connection could be made because the target machine actively refused it., this = 0x6a0fd670
[2023-11-02 12:04:13.960] [pxr_streamer] [error] rpc_terminal.cpp:37 operator (): connect failed, error= No connection could be made because the target machine actively refused it., this = 0x6a0fd670
[2023-11-02 12:04:16.980] [pxr_streamer] [error] rpc_terminal.cpp:37 operator (): connect failed, error= No connection could be made because the target machine actively refused it., this = 0x6a0fd670
[2023-11-02 12:04:20.028] [pxr_streamer] [error] rpc_terminal.cpp:37 operator (): connect failed, error= No connection could be made because the target machine actively refused it., this = 0x6a0fd670
[2023-11-02 12:04:23.076] [pxr_streamer] [error] rpc_terminal.cpp:37 operator (): connect failed, error= No connection could be made because the target machine actively refused it., this = 0x6a0fd670
[2023-11-02 12:04:26.103] [pxr_streamer] [error] rpc_terminal.cpp:37 operator (): connect failed, error= No connection could be made because the target machine actively refused it., this = 0x6a0fd670
[2023-11-02 12:04:29.132] [pxr_streamer] [error] rpc_terminal.cpp:37 operator (): connect failed, error= No connection could be made because the target machine actively refused it., this = 0x6a0fd670
[2023-11-02 12:04:32.151] [pxr_streamer] [error] rpc_terminal.cpp:37 operator (): connect failed, error= No connection could be made because the target machine actively refused it., this = 0x6a0fd670
[2023-11-02 12:04:35.188] [pxr_streamer] [error] rpc_terminal.cpp:37 operator (): connect failed, error= No connection could be made because the target machine actively refused it., this = 0x6a0fd670
[2023-11-02 12:04:38.222] [pxr_streamer] [error] rpc_terminal.cpp:37 operator (): connect failed, error= No connection could be made because the target machine actively refused it., this = 0x6a0fd670
[2023-11-02 12:04:41.240] [pxr_streamer] [error] rpc_terminal.cpp:37 operator (): connect failed, error= No connection could be made because the target machine actively refused it., this = 0x6a0fd670
[2023-11-02 12:04:44.267] [pxr_streamer] [error] rpc_terminal.cpp:37 operator (): connect failed, error= No connection could be made because the target machine actively refused it., this = 0x6a0fd670
[2023-11-02 12:04:47.305] [pxr_streamer] [error] rpc_terminal.cpp:37 operator (): connect failed, error= No connection could be made because the target machine actively refused it., this = 0x6a0fd670
[2023-11-02 12:04:50.361] [pxr_streamer] [error] rpc_terminal.cpp:37 operator (): connect failed, error= No connection could be made because the target machine actively refused it., this = 0x6a0fd670
[2023-11-02 12:04:53.395] [pxr_streamer] [error] rpc_terminal.cpp:37 operator (): connect failed, error= No connection could be made because the target machine actively refused it., this = 0x6a0fd670
[2023-11-02 12:04:56.436] [pxr_streamer] [error] rpc_terminal.cpp:37 operator (): connect failed, error= No connection could be made because the target machine actively refused it., this = 0x6a0fd670
[2023-11-02 12:04:59.469] [pxr_streamer] [error] rpc_terminal.cpp:37 operator (): connect failed, error= No connection could be made because the target machine actively refused it., this = 0x6a0fd670
[2023-11-02 12:05:02.527] [pxr_streamer] [error] rpc_terminal.cpp:37 operator (): connect failed, error= No connection could be made because the target machine actively refused it., this = 0x6a0fd670
[2023-11-02 12:05:05.572] [pxr_streamer] [error] rpc_terminal.cpp:37 operator (): connect failed, error= No connection could be made because the target machine actively refused it., this = 0x6a0fd670
[2023-11-02 12:05:08.607] [pxr_streamer] [error] rpc_terminal.cpp:37 operator (): connect failed, error= No connection could be made because the target machine actively refused it., this = 0x6a0fd670
[2023-11-02 12:05:11.652] [pxr_streamer] [error] rpc_terminal.cpp:37 operator (): connect failed, error= No connection could be made because the target machine actively refused it., this = 0x6a0fd670
[2023-11-02 12:05:14.699] [pxr_streamer] [error] rpc_terminal.cpp:37 operator (): connect failed, error= No connection could be made because the target machine actively refused it., this = 0x6a0fd670
[2023-11-02 12:05:17.740] [pxr_streamer] [error] rpc_terminal.cpp:37 operator (): connect failed, error= No connection could be made because the target machine actively refused it., this = 0x6a0fd670
[2023-11-02 12:05:20.783] [pxr_streamer] [error] rpc_terminal.cpp:37 operator (): connect failed, error= No connection could be made because the target machine actively refused it., this = 0x6a0fd670
[2023-11-02 12:05:23.832] [pxr_streamer] [error] rpc_terminal.cpp:37 operator (): connect failed, error= No connection could be made because the target machine actively refused it., this = 0x6a0fd670
[2023-11-02 12:05:26.872] [pxr_streamer] [error] rpc_terminal.cpp:37 operator (): connect failed, error= No connection could be made because the target machine actively refused it., this = 0x6a0fd670
[2023-11-02 12:05:29.895] [pxr_streamer] [error] rpc_terminal.cpp:37 operator (): connect failed, error= No connection could be made because the target machine actively refused it., this = 0x6a0fd670
[2023-11-02 12:05:32.934] [pxr_streamer] [error] rpc_terminal.cpp:37 operator (): connect failed, error= No connection could be made because the target machine actively refused it., this = 0x6a0fd670
[2023-11-02 12:05:35.960] [pxr_streamer] [error] rpc_terminal.cpp:37 operator (): connect failed, error= No connection could be made because the target machine actively refused it., this = 0x6a0fd670
[2023-11-02 12:05:38.990] [pxr_streamer] [error] rpc_terminal.cpp:37 operator (): connect failed, error= No connection could be made because the target machine actively refused it., this = 0x6a0fd670
[2023-11-02 12:05:42.031] [pxr_streamer] [error] rpc_terminal.cpp:37 operator (): connect failed, error= No connection could be made because the target machine actively refused it., this = 0x6a0fd670
[2023-11-02 12:05:45.061] [pxr_streamer] [error] rpc_terminal.cpp:37 operator (): connect failed, error= No connection could be made because the target machine actively refused it., this = 0x6a0fd670
[2023-11-02 12:05:48.091] [pxr_streamer] [error] rpc_terminal.cpp:37 operator (): connect failed, error= No connection could be made because the target machine actively refused it., this = 0x6a0fd670
[2023-11-02 12:05:51.124] [pxr_streamer] [error] rpc_terminal.cpp:37 operator (): connect failed, error= No connection could be made because the target machine actively refused it., this = 0x6a0fd670
[2023-11-02 12:05:54.149] [pxr_streamer] [error] rpc_terminal.cpp:37 operator (): connect failed, error= No connection could be made because the target machine actively refused it., this = 0x6a0fd670
[2023-11-02 12:05:57.177] [pxr_streamer] [error] rpc_terminal.cpp:37 operator (): connect failed, error= No connection could be made because the target machine actively refused it., this = 0x6a0fd670
[2023-11-02 12:06:00.204] [pxr_streamer] [error] rpc_terminal.cpp:37 operator (): connect failed, error= No connection could be made because the target machine actively refused it., this = 0x6a0fd670
[2023-11-02 12:06:03.234] [pxr_streamer] [error] rpc_terminal.cpp:37 operator (): connect failed, error= No connection could be made because the target machine actively refused it., this = 0x6a0fd670
[2023-11-02 12:06:06.248] [pxr_streamer] [error] rpc_terminal.cpp:37 operator (): connect failed, error= No connection could be made because the target machine actively refused it., this = 0x6a0fd670
[2023-11-02 12:06:09.272] [pxr_streamer] [error] rpc_terminal.cpp:37 operator (): connect failed, error= No connection could be made because the target machine actively refused it., this = 0x6a0fd670
[2023-11-02 12:06:12.309] [pxr_streamer] [error] rpc_terminal.cpp:37 operator (): connect failed, error= No connection could be made because the target machine actively refused it., this = 0x6a0fd670
[2023-11-02 12:06:15.348] [pxr_streamer] [error] rpc_terminal.cpp:37 operator (): connect failed, error= No connection could be made because the target machine actively refused it., this = 0x6a0fd670
[2023-11-02 12:06:18.381] [pxr_streamer] [error] rpc_terminal.cpp:37 operator (): connect failed, error= No connection could be made because the target machine actively refused it., this = 0x6a0fd670
[2023-11-02 12:06:21.408] [pxr_streamer] [error] rpc_terminal.cpp:37 operator (): connect failed, error= No connection could be made because the target machine actively refused it., this = 0x6a0fd670
[2023-11-02 12:06:24.433] [pxr_streamer] [error] rpc_terminal.cpp:37 operator (): connect failed, error= No connection could be made because the target machine actively refused it., this = 0x6a0fd670
[2023-11-02 12:06:27.458] [pxr_streamer] [error] rpc_terminal.cpp:37 operator (): connect failed, error= No connection could be made because the target machine actively refused it., this = 0x6a0fd670
[2023-11-02 12:06:30.482] [pxr_streamer] [error] rpc_terminal.cpp:37 operator (): connect failed, error= No connection could be made because the target machine actively refused it., this = 0x6a0fd670
