[2023-11-06 22:35:06.048] [pxr_streamer] [info] ***********  Log Begin **********
[2023-11-06 22:35:06.048] [pxr_streamer] [info] process id= 11268
[2023-11-06 22:35:06.048] [pxr_streamer] [error] rpc_terminal.cpp:37 operator (): connect failed, error= Kan geen verbinding maken omdat de doelcomputer de verbinding actief heeft geweigerd., this = 0x251f8a60
[2023-11-06 22:35:06.049] [pxr_streamer] [error] rpc_terminal.h:50 Call: invalid rpc_client_, msg = Hello, this = 0x251f8a60
[2023-11-06 22:35:06.049] [pxr_streamer] [error] rpc_terminal.h:50 Call: invalid rpc_client_, msg = QueryRemoteTerminals, this = 0x251f8a60
[2023-11-06 22:35:09.085] [pxr_streamer] [error] rpc_terminal.cpp:37 operator (): connect failed, error= Kan geen verbinding maken omdat de doelcomputer de verbinding actief heeft geweigerd., this = 0x251f8a60
[2023-11-06 22:35:12.126] [pxr_streamer] [error] rpc_terminal.cpp:37 operator (): connect failed, error= Kan geen verbinding maken omdat de doelcomputer de verbinding actief heeft geweigerd., this = 0x251f8a60
[2023-11-06 22:35:15.185] [pxr_streamer] [error] rpc_terminal.cpp:37 operator (): connect failed, error= Kan geen verbinding maken omdat de doelcomputer de verbinding actief heeft geweigerd., this = 0x251f8a60
[2023-11-06 22:35:18.225] [pxr_streamer] [error] rpc_terminal.cpp:37 operator (): connect failed, error= Kan geen verbinding maken omdat de doelcomputer de verbinding actief heeft geweigerd., this = 0x251f8a60
[2023-11-06 22:35:21.281] [pxr_streamer] [error] rpc_terminal.cpp:37 operator (): connect failed, error= Kan geen verbinding maken omdat de doelcomputer de verbinding actief heeft geweigerd., this = 0x251f8a60
[2023-11-06 22:35:24.313] [pxr_streamer] [error] rpc_terminal.cpp:37 operator (): connect failed, error= Kan geen verbinding maken omdat de doelcomputer de verbinding actief heeft geweigerd., this = 0x251f8a60
[2023-11-06 22:35:27.348] [pxr_streamer] [error] rpc_terminal.cpp:37 operator (): connect failed, error= Kan geen verbinding maken omdat de doelcomputer de verbinding actief heeft geweigerd., this = 0x251f8a60
[2023-11-06 22:35:30.356] [pxr_streamer] [error] rpc_terminal.cpp:37 operator (): connect failed, error= Kan geen verbinding maken omdat de doelcomputer de verbinding actief heeft geweigerd., this = 0x251f8a60
[2023-11-06 22:35:33.376] [pxr_streamer] [error] rpc_terminal.cpp:37 operator (): connect failed, error= Kan geen verbinding maken omdat de doelcomputer de verbinding actief heeft geweigerd., this = 0x251f8a60
[2023-11-06 22:35:36.418] [pxr_streamer] [error] rpc_terminal.cpp:37 operator (): connect failed, error= Kan geen verbinding maken omdat de doelcomputer de verbinding actief heeft geweigerd., this = 0x251f8a60
[2023-11-06 22:35:39.444] [pxr_streamer] [error] rpc_terminal.cpp:37 operator (): connect failed, error= Kan geen verbinding maken omdat de doelcomputer de verbinding actief heeft geweigerd., this = 0x251f8a60
[2023-11-06 22:35:42.501] [pxr_streamer] [error] rpc_terminal.cpp:37 operator (): connect failed, error= Kan geen verbinding maken omdat de doelcomputer de verbinding actief heeft geweigerd., this = 0x251f8a60
[2023-11-06 22:35:45.522] [pxr_streamer] [error] rpc_terminal.cpp:37 operator (): connect failed, error= Kan geen verbinding maken omdat de doelcomputer de verbinding actief heeft geweigerd., this = 0x251f8a60
[2023-11-06 22:35:48.576] [pxr_streamer] [error] rpc_terminal.cpp:37 operator (): connect failed, error= Kan geen verbinding maken omdat de doelcomputer de verbinding actief heeft geweigerd., this = 0x251f8a60
[2023-11-06 22:35:51.611] [pxr_streamer] [error] rpc_terminal.cpp:37 operator (): connect failed, error= Kan geen verbinding maken omdat de doelcomputer de verbinding actief heeft geweigerd., this = 0x251f8a60
[2023-11-06 22:35:54.667] [pxr_streamer] [error] rpc_terminal.cpp:37 operator (): connect failed, error= Kan geen verbinding maken omdat de doelcomputer de verbinding actief heeft geweigerd., this = 0x251f8a60
[2023-11-06 22:35:57.719] [pxr_streamer] [error] rpc_terminal.cpp:37 operator (): connect failed, error= Kan geen verbinding maken omdat de doelcomputer de verbinding actief heeft geweigerd., this = 0x251f8a60
[2023-11-06 22:36:00.761] [pxr_streamer] [error] rpc_terminal.cpp:37 operator (): connect failed, error= Kan geen verbinding maken omdat de doelcomputer de verbinding actief heeft geweigerd., this = 0x251f8a60
[2023-11-06 22:36:03.808] [pxr_streamer] [error] rpc_terminal.cpp:37 operator (): connect failed, error= Kan geen verbinding maken omdat de doelcomputer de verbinding actief heeft geweigerd., this = 0x251f8a60
[2023-11-06 22:36:06.871] [pxr_streamer] [error] rpc_terminal.cpp:37 operator (): connect failed, error= Kan geen verbinding maken omdat de doelcomputer de verbinding actief heeft geweigerd., this = 0x251f8a60
[2023-11-06 22:36:09.911] [pxr_streamer] [error] rpc_terminal.cpp:37 operator (): connect failed, error= Kan geen verbinding maken omdat de doelcomputer de verbinding actief heeft geweigerd., this = 0x251f8a60
[2023-11-06 22:36:12.946] [pxr_streamer] [error] rpc_terminal.cpp:37 operator (): connect failed, error= Kan geen verbinding maken omdat de doelcomputer de verbinding actief heeft geweigerd., this = 0x251f8a60
[2023-11-06 22:36:15.976] [pxr_streamer] [error] rpc_terminal.cpp:37 operator (): connect failed, error= Kan geen verbinding maken omdat de doelcomputer de verbinding actief heeft geweigerd., this = 0x251f8a60
[2023-11-06 22:36:19.015] [pxr_streamer] [error] rpc_terminal.cpp:37 operator (): connect failed, error= Kan geen verbinding maken omdat de doelcomputer de verbinding actief heeft geweigerd., this = 0x251f8a60
[2023-11-06 22:36:22.050] [pxr_streamer] [error] rpc_terminal.cpp:37 operator (): connect failed, error= Kan geen verbinding maken omdat de doelcomputer de verbinding actief heeft geweigerd., this = 0x251f8a60
[2023-11-06 22:36:25.108] [pxr_streamer] [error] rpc_terminal.cpp:37 operator (): connect failed, error= Kan geen verbinding maken omdat de doelcomputer de verbinding actief heeft geweigerd., this = 0x251f8a60
[2023-11-06 22:36:28.154] [pxr_streamer] [error] rpc_terminal.cpp:37 operator (): connect failed, error= Kan geen verbinding maken omdat de doelcomputer de verbinding actief heeft geweigerd., this = 0x251f8a60
[2023-11-06 22:36:31.200] [pxr_streamer] [error] rpc_terminal.cpp:37 operator (): connect failed, error= Kan geen verbinding maken omdat de doelcomputer de verbinding actief heeft geweigerd., this = 0x251f8a60
[2023-11-06 22:36:34.235] [pxr_streamer] [error] rpc_terminal.cpp:37 operator (): connect failed, error= Kan geen verbinding maken omdat de doelcomputer de verbinding actief heeft geweigerd., this = 0x251f8a60
[2023-11-06 22:36:37.276] [pxr_streamer] [error] rpc_terminal.cpp:37 operator (): connect failed, error= Kan geen verbinding maken omdat de doelcomputer de verbinding actief heeft geweigerd., this = 0x251f8a60
[2023-11-06 22:36:40.313] [pxr_streamer] [error] rpc_terminal.cpp:37 operator (): connect failed, error= Kan geen verbinding maken omdat de doelcomputer de verbinding actief heeft geweigerd., this = 0x251f8a60
[2023-11-06 22:36:43.368] [pxr_streamer] [error] rpc_terminal.cpp:37 operator (): connect failed, error= Kan geen verbinding maken omdat de doelcomputer de verbinding actief heeft geweigerd., this = 0x251f8a60
[2023-11-06 22:36:46.411] [pxr_streamer] [error] rpc_terminal.cpp:37 operator (): connect failed, error= Kan geen verbinding maken omdat de doelcomputer de verbinding actief heeft geweigerd., this = 0x251f8a60
[2023-11-06 22:36:49.469] [pxr_streamer] [error] rpc_terminal.cpp:37 operator (): connect failed, error= Kan geen verbinding maken omdat de doelcomputer de verbinding actief heeft geweigerd., this = 0x251f8a60
[2023-11-06 22:36:52.514] [pxr_streamer] [error] rpc_terminal.cpp:37 operator (): connect failed, error= Kan geen verbinding maken omdat de doelcomputer de verbinding actief heeft geweigerd., this = 0x251f8a60
[2023-11-06 22:36:55.556] [pxr_streamer] [error] rpc_terminal.cpp:37 operator (): connect failed, error= Kan geen verbinding maken omdat de doelcomputer de verbinding actief heeft geweigerd., this = 0x251f8a60
[2023-11-06 22:36:58.614] [pxr_streamer] [error] rpc_terminal.cpp:37 operator (): connect failed, error= Kan geen verbinding maken omdat de doelcomputer de verbinding actief heeft geweigerd., this = 0x251f8a60
[2023-11-06 22:37:01.654] [pxr_streamer] [error] rpc_terminal.cpp:37 operator (): connect failed, error= Kan geen verbinding maken omdat de doelcomputer de verbinding actief heeft geweigerd., this = 0x251f8a60
[2023-11-06 22:37:04.683] [pxr_streamer] [error] rpc_terminal.cpp:37 operator (): connect failed, error= Kan geen verbinding maken omdat de doelcomputer de verbinding actief heeft geweigerd., this = 0x251f8a60
[2023-11-06 22:37:07.711] [pxr_streamer] [error] rpc_terminal.cpp:37 operator (): connect failed, error= Kan geen verbinding maken omdat de doelcomputer de verbinding actief heeft geweigerd., this = 0x251f8a60
[2023-11-06 22:37:10.753] [pxr_streamer] [error] rpc_terminal.cpp:37 operator (): connect failed, error= Kan geen verbinding maken omdat de doelcomputer de verbinding actief heeft geweigerd., this = 0x251f8a60
[2023-11-06 22:37:13.784] [pxr_streamer] [error] rpc_terminal.cpp:37 operator (): connect failed, error= Kan geen verbinding maken omdat de doelcomputer de verbinding actief heeft geweigerd., this = 0x251f8a60
[2023-11-06 22:37:16.800] [pxr_streamer] [error] rpc_terminal.cpp:37 operator (): connect failed, error= Kan geen verbinding maken omdat de doelcomputer de verbinding actief heeft geweigerd., this = 0x251f8a60
[2023-11-06 22:37:19.829] [pxr_streamer] [error] rpc_terminal.cpp:37 operator (): connect failed, error= Kan geen verbinding maken omdat de doelcomputer de verbinding actief heeft geweigerd., this = 0x251f8a60
[2023-11-06 22:37:22.857] [pxr_streamer] [error] rpc_terminal.cpp:37 operator (): connect failed, error= Kan geen verbinding maken omdat de doelcomputer de verbinding actief heeft geweigerd., this = 0x251f8a60
[2023-11-06 22:37:25.881] [pxr_streamer] [error] rpc_terminal.cpp:37 operator (): connect failed, error= Kan geen verbinding maken omdat de doelcomputer de verbinding actief heeft geweigerd., this = 0x251f8a60
[2023-11-06 22:37:28.938] [pxr_streamer] [error] rpc_terminal.cpp:37 operator (): connect failed, error= Kan geen verbinding maken omdat de doelcomputer de verbinding actief heeft geweigerd., this = 0x251f8a60
[2023-11-06 22:37:31.969] [pxr_streamer] [error] rpc_terminal.cpp:37 operator (): connect failed, error= Kan geen verbinding maken omdat de doelcomputer de verbinding actief heeft geweigerd., this = 0x251f8a60
[2023-11-06 22:37:35.001] [pxr_streamer] [error] rpc_terminal.cpp:37 operator (): connect failed, error= Kan geen verbinding maken omdat de doelcomputer de verbinding actief heeft geweigerd., this = 0x251f8a60
[2023-11-06 22:37:38.048] [pxr_streamer] [error] rpc_terminal.cpp:37 operator (): connect failed, error= Kan geen verbinding maken omdat de doelcomputer de verbinding actief heeft geweigerd., this = 0x251f8a60
[2023-11-06 22:37:41.085] [pxr_streamer] [error] rpc_terminal.cpp:37 operator (): connect failed, error= Kan geen verbinding maken omdat de doelcomputer de verbinding actief heeft geweigerd., this = 0x251f8a60
[2023-11-06 22:37:44.119] [pxr_streamer] [error] rpc_terminal.cpp:37 operator (): connect failed, error= Kan geen verbinding maken omdat de doelcomputer de verbinding actief heeft geweigerd., this = 0x251f8a60
[2023-11-06 22:37:47.161] [pxr_streamer] [error] rpc_terminal.cpp:37 operator (): connect failed, error= Kan geen verbinding maken omdat de doelcomputer de verbinding actief heeft geweigerd., this = 0x251f8a60
[2023-11-06 22:37:50.191] [pxr_streamer] [error] rpc_terminal.cpp:37 operator (): connect failed, error= Kan geen verbinding maken omdat de doelcomputer de verbinding actief heeft geweigerd., this = 0x251f8a60
[2023-11-06 22:37:53.235] [pxr_streamer] [error] rpc_terminal.cpp:37 operator (): connect failed, error= Kan geen verbinding maken omdat de doelcomputer de verbinding actief heeft geweigerd., this = 0x251f8a60
[2023-11-06 22:37:56.259] [pxr_streamer] [error] rpc_terminal.cpp:37 operator (): connect failed, error= Kan geen verbinding maken omdat de doelcomputer de verbinding actief heeft geweigerd., this = 0x251f8a60
[2023-11-06 22:37:59.300] [pxr_streamer] [error] rpc_terminal.cpp:37 operator (): connect failed, error= Kan geen verbinding maken omdat de doelcomputer de verbinding actief heeft geweigerd., this = 0x251f8a60
[2023-11-06 22:38:02.333] [pxr_streamer] [error] rpc_terminal.cpp:37 operator (): connect failed, error= Kan geen verbinding maken omdat de doelcomputer de verbinding actief heeft geweigerd., this = 0x251f8a60
[2023-11-06 22:38:05.356] [pxr_streamer] [error] rpc_terminal.cpp:37 operator (): connect failed, error= Kan geen verbinding maken omdat de doelcomputer de verbinding actief heeft geweigerd., this = 0x251f8a60
[2023-11-06 22:38:08.396] [pxr_streamer] [error] rpc_terminal.cpp:37 operator (): connect failed, error= Kan geen verbinding maken omdat de doelcomputer de verbinding actief heeft geweigerd., this = 0x251f8a60
[2023-11-06 22:38:11.434] [pxr_streamer] [error] rpc_terminal.cpp:37 operator (): connect failed, error= Kan geen verbinding maken omdat de doelcomputer de verbinding actief heeft geweigerd., this = 0x251f8a60
[2023-11-06 22:38:14.452] [pxr_streamer] [error] rpc_terminal.cpp:37 operator (): connect failed, error= Kan geen verbinding maken omdat de doelcomputer de verbinding actief heeft geweigerd., this = 0x251f8a60
[2023-11-06 22:38:17.500] [pxr_streamer] [error] rpc_terminal.cpp:37 operator (): connect failed, error= Kan geen verbinding maken omdat de doelcomputer de verbinding actief heeft geweigerd., this = 0x251f8a60
[2023-11-06 22:38:20.532] [pxr_streamer] [error] rpc_terminal.cpp:37 operator (): connect failed, error= Kan geen verbinding maken omdat de doelcomputer de verbinding actief heeft geweigerd., this = 0x251f8a60
[2023-11-06 22:38:23.577] [pxr_streamer] [error] rpc_terminal.cpp:37 operator (): connect failed, error= Kan geen verbinding maken omdat de doelcomputer de verbinding actief heeft geweigerd., this = 0x251f8a60
[2023-11-06 22:38:26.609] [pxr_streamer] [error] rpc_terminal.cpp:37 operator (): connect failed, error= Kan geen verbinding maken omdat de doelcomputer de verbinding actief heeft geweigerd., this = 0x251f8a60
[2023-11-06 22:38:29.654] [pxr_streamer] [error] rpc_terminal.cpp:37 operator (): connect failed, error= Kan geen verbinding maken omdat de doelcomputer de verbinding actief heeft geweigerd., this = 0x251f8a60
[2023-11-06 22:38:32.691] [pxr_streamer] [error] rpc_terminal.cpp:37 operator (): connect failed, error= Kan geen verbinding maken omdat de doelcomputer de verbinding actief heeft geweigerd., this = 0x251f8a60
[2023-11-06 22:38:35.722] [pxr_streamer] [error] rpc_terminal.cpp:37 operator (): connect failed, error= Kan geen verbinding maken omdat de doelcomputer de verbinding actief heeft geweigerd., this = 0x251f8a60
[2023-11-06 22:38:38.732] [pxr_streamer] [error] rpc_terminal.cpp:37 operator (): connect failed, error= Kan geen verbinding maken omdat de doelcomputer de verbinding actief heeft geweigerd., this = 0x251f8a60
[2023-11-06 22:38:41.763] [pxr_streamer] [error] rpc_terminal.cpp:37 operator (): connect failed, error= Kan geen verbinding maken omdat de doelcomputer de verbinding actief heeft geweigerd., this = 0x251f8a60
[2023-11-06 22:38:44.807] [pxr_streamer] [error] rpc_terminal.cpp:37 operator (): connect failed, error= Kan geen verbinding maken omdat de doelcomputer de verbinding actief heeft geweigerd., this = 0x251f8a60
[2023-11-06 22:38:47.845] [pxr_streamer] [error] rpc_terminal.cpp:37 operator (): connect failed, error= Kan geen verbinding maken omdat de doelcomputer de verbinding actief heeft geweigerd., this = 0x251f8a60
[2023-11-06 22:38:50.863] [pxr_streamer] [error] rpc_terminal.cpp:37 operator (): connect failed, error= Kan geen verbinding maken omdat de doelcomputer de verbinding actief heeft geweigerd., this = 0x251f8a60
[2023-11-06 22:38:53.908] [pxr_streamer] [error] rpc_terminal.cpp:37 operator (): connect failed, error= Kan geen verbinding maken omdat de doelcomputer de verbinding actief heeft geweigerd., this = 0x251f8a60
[2023-11-06 22:38:56.915] [pxr_streamer] [error] rpc_terminal.cpp:37 operator (): connect failed, error= Kan geen verbinding maken omdat de doelcomputer de verbinding actief heeft geweigerd., this = 0x251f8a60
[2023-11-06 22:38:59.942] [pxr_streamer] [error] rpc_terminal.cpp:37 operator (): connect failed, error= Kan geen verbinding maken omdat de doelcomputer de verbinding actief heeft geweigerd., this = 0x251f8a60
[2023-11-06 22:39:02.986] [pxr_streamer] [error] rpc_terminal.cpp:37 operator (): connect failed, error= Kan geen verbinding maken omdat de doelcomputer de verbinding actief heeft geweigerd., this = 0x251f8a60
[2023-11-06 22:39:06.008] [pxr_streamer] [error] rpc_terminal.cpp:37 operator (): connect failed, error= Kan geen verbinding maken omdat de doelcomputer de verbinding actief heeft geweigerd., this = 0x251f8a60
[2023-11-06 22:39:09.045] [pxr_streamer] [error] rpc_terminal.cpp:37 operator (): connect failed, error= Kan geen verbinding maken omdat de doelcomputer de verbinding actief heeft geweigerd., this = 0x251f8a60
[2023-11-06 22:39:12.089] [pxr_streamer] [error] rpc_terminal.cpp:37 operator (): connect failed, error= Kan geen verbinding maken omdat de doelcomputer de verbinding actief heeft geweigerd., this = 0x251f8a60
[2023-11-06 22:39:15.125] [pxr_streamer] [error] rpc_terminal.cpp:37 operator (): connect failed, error= Kan geen verbinding maken omdat de doelcomputer de verbinding actief heeft geweigerd., this = 0x251f8a60
[2023-11-06 22:39:18.155] [pxr_streamer] [error] rpc_terminal.cpp:37 operator (): connect failed, error= Kan geen verbinding maken omdat de doelcomputer de verbinding actief heeft geweigerd., this = 0x251f8a60
[2023-11-06 22:39:21.178] [pxr_streamer] [error] rpc_terminal.cpp:37 operator (): connect failed, error= Kan geen verbinding maken omdat de doelcomputer de verbinding actief heeft geweigerd., this = 0x251f8a60
[2023-11-06 22:39:24.207] [pxr_streamer] [error] rpc_terminal.cpp:37 operator (): connect failed, error= Kan geen verbinding maken omdat de doelcomputer de verbinding actief heeft geweigerd., this = 0x251f8a60
[2023-11-06 22:39:27.249] [pxr_streamer] [error] rpc_terminal.cpp:37 operator (): connect failed, error= Kan geen verbinding maken omdat de doelcomputer de verbinding actief heeft geweigerd., this = 0x251f8a60
[2023-11-06 22:39:30.269] [pxr_streamer] [error] rpc_terminal.cpp:37 operator (): connect failed, error= Kan geen verbinding maken omdat de doelcomputer de verbinding actief heeft geweigerd., this = 0x251f8a60
[2023-11-06 22:39:33.298] [pxr_streamer] [error] rpc_terminal.cpp:37 operator (): connect failed, error= Kan geen verbinding maken omdat de doelcomputer de verbinding actief heeft geweigerd., this = 0x251f8a60
[2023-11-06 22:39:36.318] [pxr_streamer] [error] rpc_terminal.cpp:37 operator (): connect failed, error= Kan geen verbinding maken omdat de doelcomputer de verbinding actief heeft geweigerd., this = 0x251f8a60
[2023-11-06 22:39:39.378] [pxr_streamer] [error] rpc_terminal.cpp:37 operator (): connect failed, error= Kan geen verbinding maken omdat de doelcomputer de verbinding actief heeft geweigerd., this = 0x251f8a60
[2023-11-06 22:39:42.411] [pxr_streamer] [error] rpc_terminal.cpp:37 operator (): connect failed, error= Kan geen verbinding maken omdat de doelcomputer de verbinding actief heeft geweigerd., this = 0x251f8a60
[2023-11-06 22:39:45.452] [pxr_streamer] [error] rpc_terminal.cpp:37 operator (): connect failed, error= Kan geen verbinding maken omdat de doelcomputer de verbinding actief heeft geweigerd., this = 0x251f8a60
[2023-11-06 22:39:48.473] [pxr_streamer] [error] rpc_terminal.cpp:37 operator (): connect failed, error= Kan geen verbinding maken omdat de doelcomputer de verbinding actief heeft geweigerd., this = 0x251f8a60
[2023-11-06 22:39:51.517] [pxr_streamer] [error] rpc_terminal.cpp:37 operator (): connect failed, error= Kan geen verbinding maken omdat de doelcomputer de verbinding actief heeft geweigerd., this = 0x251f8a60
[2023-11-06 22:39:54.564] [pxr_streamer] [error] rpc_terminal.cpp:37 operator (): connect failed, error= Kan geen verbinding maken omdat de doelcomputer de verbinding actief heeft geweigerd., this = 0x251f8a60
[2023-11-06 22:39:57.609] [pxr_streamer] [error] rpc_terminal.cpp:37 operator (): connect failed, error= Kan geen verbinding maken omdat de doelcomputer de verbinding actief heeft geweigerd., this = 0x251f8a60
[2023-11-06 22:40:00.656] [pxr_streamer] [error] rpc_terminal.cpp:37 operator (): connect failed, error= Kan geen verbinding maken omdat de doelcomputer de verbinding actief heeft geweigerd., this = 0x251f8a60
[2023-11-06 22:40:03.715] [pxr_streamer] [error] rpc_terminal.cpp:37 operator (): connect failed, error= Kan geen verbinding maken omdat de doelcomputer de verbinding actief heeft geweigerd., this = 0x251f8a60
[2023-11-06 22:40:06.756] [pxr_streamer] [error] rpc_terminal.cpp:37 operator (): connect failed, error= Kan geen verbinding maken omdat de doelcomputer de verbinding actief heeft geweigerd., this = 0x251f8a60
[2023-11-06 22:40:09.784] [pxr_streamer] [error] rpc_terminal.cpp:37 operator (): connect failed, error= Kan geen verbinding maken omdat de doelcomputer de verbinding actief heeft geweigerd., this = 0x251f8a60
[2023-11-06 22:40:12.814] [pxr_streamer] [error] rpc_terminal.cpp:37 operator (): connect failed, error= Kan geen verbinding maken omdat de doelcomputer de verbinding actief heeft geweigerd., this = 0x251f8a60
[2023-11-06 22:40:15.844] [pxr_streamer] [error] rpc_terminal.cpp:37 operator (): connect failed, error= Kan geen verbinding maken omdat de doelcomputer de verbinding actief heeft geweigerd., this = 0x251f8a60
[2023-11-06 22:40:18.877] [pxr_streamer] [error] rpc_terminal.cpp:37 operator (): connect failed, error= Kan geen verbinding maken omdat de doelcomputer de verbinding actief heeft geweigerd., this = 0x251f8a60
[2023-11-06 22:40:21.919] [pxr_streamer] [error] rpc_terminal.cpp:37 operator (): connect failed, error= Kan geen verbinding maken omdat de doelcomputer de verbinding actief heeft geweigerd., this = 0x251f8a60
[2023-11-06 22:40:24.939] [pxr_streamer] [error] rpc_terminal.cpp:37 operator (): connect failed, error= Kan geen verbinding maken omdat de doelcomputer de verbinding actief heeft geweigerd., this = 0x251f8a60
[2023-11-06 22:40:27.963] [pxr_streamer] [error] rpc_terminal.cpp:37 operator (): connect failed, error= Kan geen verbinding maken omdat de doelcomputer de verbinding actief heeft geweigerd., this = 0x251f8a60
[2023-11-06 22:40:30.986] [pxr_streamer] [error] rpc_terminal.cpp:37 operator (): connect failed, error= Kan geen verbinding maken omdat de doelcomputer de verbinding actief heeft geweigerd., this = 0x251f8a60
[2023-11-06 22:40:34.021] [pxr_streamer] [error] rpc_terminal.cpp:37 operator (): connect failed, error= Kan geen verbinding maken omdat de doelcomputer de verbinding actief heeft geweigerd., this = 0x251f8a60
[2023-11-06 22:40:37.064] [pxr_streamer] [error] rpc_terminal.cpp:37 operator (): connect failed, error= Kan geen verbinding maken omdat de doelcomputer de verbinding actief heeft geweigerd., this = 0x251f8a60
[2023-11-06 22:40:40.114] [pxr_streamer] [error] rpc_terminal.cpp:37 operator (): connect failed, error= Kan geen verbinding maken omdat de doelcomputer de verbinding actief heeft geweigerd., this = 0x251f8a60
[2023-11-06 22:40:43.167] [pxr_streamer] [error] rpc_terminal.cpp:37 operator (): connect failed, error= Kan geen verbinding maken omdat de doelcomputer de verbinding actief heeft geweigerd., this = 0x251f8a60
[2023-11-06 22:40:46.191] [pxr_streamer] [error] rpc_terminal.cpp:37 operator (): connect failed, error= Kan geen verbinding maken omdat de doelcomputer de verbinding actief heeft geweigerd., this = 0x251f8a60
[2023-11-06 22:40:49.234] [pxr_streamer] [error] rpc_terminal.cpp:37 operator (): connect failed, error= Kan geen verbinding maken omdat de doelcomputer de verbinding actief heeft geweigerd., this = 0x251f8a60
[2023-11-06 22:40:52.263] [pxr_streamer] [error] rpc_terminal.cpp:37 operator (): connect failed, error= Kan geen verbinding maken omdat de doelcomputer de verbinding actief heeft geweigerd., this = 0x251f8a60
[2023-11-06 22:40:55.294] [pxr_streamer] [error] rpc_terminal.cpp:37 operator (): connect failed, error= Kan geen verbinding maken omdat de doelcomputer de verbinding actief heeft geweigerd., this = 0x251f8a60
[2023-11-06 22:40:58.321] [pxr_streamer] [error] rpc_terminal.cpp:37 operator (): connect failed, error= Kan geen verbinding maken omdat de doelcomputer de verbinding actief heeft geweigerd., this = 0x251f8a60
[2023-11-06 22:41:01.333] [pxr_streamer] [error] rpc_terminal.cpp:37 operator (): connect failed, error= Kan geen verbinding maken omdat de doelcomputer de verbinding actief heeft geweigerd., this = 0x251f8a60
[2023-11-06 22:41:04.343] [pxr_streamer] [error] rpc_terminal.cpp:37 operator (): connect failed, error= Kan geen verbinding maken omdat de doelcomputer de verbinding actief heeft geweigerd., this = 0x251f8a60
[2023-11-06 22:41:07.400] [pxr_streamer] [error] rpc_terminal.cpp:37 operator (): connect failed, error= Kan geen verbinding maken omdat de doelcomputer de verbinding actief heeft geweigerd., this = 0x251f8a60
[2023-11-06 22:41:10.435] [pxr_streamer] [error] rpc_terminal.cpp:37 operator (): connect failed, error= Kan geen verbinding maken omdat de doelcomputer de verbinding actief heeft geweigerd., this = 0x251f8a60
[2023-11-06 22:41:13.481] [pxr_streamer] [error] rpc_terminal.cpp:37 operator (): connect failed, error= Kan geen verbinding maken omdat de doelcomputer de verbinding actief heeft geweigerd., this = 0x251f8a60
[2023-11-06 22:41:16.510] [pxr_streamer] [error] rpc_terminal.cpp:37 operator (): connect failed, error= Kan geen verbinding maken omdat de doelcomputer de verbinding actief heeft geweigerd., this = 0x251f8a60
[2023-11-06 22:41:19.538] [pxr_streamer] [error] rpc_terminal.cpp:37 operator (): connect failed, error= Kan geen verbinding maken omdat de doelcomputer de verbinding actief heeft geweigerd., this = 0x251f8a60
[2023-11-06 22:41:22.566] [pxr_streamer] [error] rpc_terminal.cpp:37 operator (): connect failed, error= Kan geen verbinding maken omdat de doelcomputer de verbinding actief heeft geweigerd., this = 0x251f8a60
[2023-11-06 22:41:25.596] [pxr_streamer] [error] rpc_terminal.cpp:37 operator (): connect failed, error= Kan geen verbinding maken omdat de doelcomputer de verbinding actief heeft geweigerd., this = 0x251f8a60
[2023-11-06 22:41:28.624] [pxr_streamer] [error] rpc_terminal.cpp:37 operator (): connect failed, error= Kan geen verbinding maken omdat de doelcomputer de verbinding actief heeft geweigerd., this = 0x251f8a60
[2023-11-06 22:41:31.642] [pxr_streamer] [error] rpc_terminal.cpp:37 operator (): connect failed, error= Kan geen verbinding maken omdat de doelcomputer de verbinding actief heeft geweigerd., this = 0x251f8a60
