[2023-11-06 22:17:15.807] [pxr_streamer] [info] ***********  Log Begin **********
[2023-11-06 22:17:15.807] [pxr_streamer] [info] process id= 14700
[2023-11-06 22:17:15.807] [pxr_streamer] [error] rpc_terminal.cpp:37 operator (): connect failed, error= Kan geen verbinding maken omdat de doelcomputer de verbinding actief heeft geweigerd., this = 0x219d2fa0
[2023-11-06 22:17:15.808] [pxr_streamer] [error] rpc_terminal.h:50 Call: invalid rpc_client_, msg = Hello, this = 0x219d2fa0
[2023-11-06 22:17:15.808] [pxr_streamer] [error] rpc_terminal.h:50 Call: invalid rpc_client_, msg = QueryRemoteTerminals, this = 0x219d2fa0
[2023-11-06 22:17:18.864] [pxr_streamer] [error] rpc_terminal.cpp:37 operator (): connect failed, error= Kan geen verbinding maken omdat de doelcomputer de verbinding actief heeft geweigerd., this = 0x219d2fa0
[2023-11-06 22:17:21.916] [pxr_streamer] [error] rpc_terminal.cpp:37 operator (): connect failed, error= Kan geen verbinding maken omdat de doelcomputer de verbinding actief heeft geweigerd., this = 0x219d2fa0
[2023-11-06 22:17:24.982] [pxr_streamer] [error] rpc_terminal.cpp:37 operator (): connect failed, error= Kan geen verbinding maken omdat de doelcomputer de verbinding actief heeft geweigerd., this = 0x219d2fa0
[2023-11-06 22:17:28.023] [pxr_streamer] [error] rpc_terminal.cpp:37 operator (): connect failed, error= Kan geen verbinding maken omdat de doelcomputer de verbinding actief heeft geweigerd., this = 0x219d2fa0
[2023-11-06 22:17:31.080] [pxr_streamer] [error] rpc_terminal.cpp:37 operator (): connect failed, error= Kan geen verbinding maken omdat de doelcomputer de verbinding actief heeft geweigerd., this = 0x219d2fa0
[2023-11-06 22:17:34.121] [pxr_streamer] [error] rpc_terminal.cpp:37 operator (): connect failed, error= Kan geen verbinding maken omdat de doelcomputer de verbinding actief heeft geweigerd., this = 0x219d2fa0
[2023-11-06 22:17:37.174] [pxr_streamer] [error] rpc_terminal.cpp:37 operator (): connect failed, error= Kan geen verbinding maken omdat de doelcomputer de verbinding actief heeft geweigerd., this = 0x219d2fa0
[2023-11-06 22:17:40.224] [pxr_streamer] [error] rpc_terminal.cpp:37 operator (): connect failed, error= Kan geen verbinding maken omdat de doelcomputer de verbinding actief heeft geweigerd., this = 0x219d2fa0
[2023-11-06 22:17:43.281] [pxr_streamer] [error] rpc_terminal.cpp:37 operator (): connect failed, error= Kan geen verbinding maken omdat de doelcomputer de verbinding actief heeft geweigerd., this = 0x219d2fa0
[2023-11-06 22:17:46.311] [pxr_streamer] [error] rpc_terminal.cpp:37 operator (): connect failed, error= Kan geen verbinding maken omdat de doelcomputer de verbinding actief heeft geweigerd., this = 0x219d2fa0
[2023-11-06 22:17:49.321] [pxr_streamer] [error] rpc_terminal.cpp:37 operator (): connect failed, error= Kan geen verbinding maken omdat de doelcomputer de verbinding actief heeft geweigerd., this = 0x219d2fa0
[2023-11-06 22:17:52.357] [pxr_streamer] [error] rpc_terminal.cpp:37 operator (): connect failed, error= Kan geen verbinding maken omdat de doelcomputer de verbinding actief heeft geweigerd., this = 0x219d2fa0
[2023-11-06 22:17:55.409] [pxr_streamer] [error] rpc_terminal.cpp:37 operator (): connect failed, error= Kan geen verbinding maken omdat de doelcomputer de verbinding actief heeft geweigerd., this = 0x219d2fa0
[2023-11-06 22:17:58.440] [pxr_streamer] [error] rpc_terminal.cpp:37 operator (): connect failed, error= Kan geen verbinding maken omdat de doelcomputer de verbinding actief heeft geweigerd., this = 0x219d2fa0
[2023-11-06 22:18:01.491] [pxr_streamer] [error] rpc_terminal.cpp:37 operator (): connect failed, error= Kan geen verbinding maken omdat de doelcomputer de verbinding actief heeft geweigerd., this = 0x219d2fa0
[2023-11-06 22:18:04.528] [pxr_streamer] [error] rpc_terminal.cpp:37 operator (): connect failed, error= Kan geen verbinding maken omdat de doelcomputer de verbinding actief heeft geweigerd., this = 0x219d2fa0
[2023-11-06 22:18:07.585] [pxr_streamer] [error] rpc_terminal.cpp:37 operator (): connect failed, error= Kan geen verbinding maken omdat de doelcomputer de verbinding actief heeft geweigerd., this = 0x219d2fa0
[2023-11-06 22:18:10.629] [pxr_streamer] [error] rpc_terminal.cpp:37 operator (): connect failed, error= Kan geen verbinding maken omdat de doelcomputer de verbinding actief heeft geweigerd., this = 0x219d2fa0
[2023-11-06 22:18:13.658] [pxr_streamer] [error] rpc_terminal.cpp:37 operator (): connect failed, error= Kan geen verbinding maken omdat de doelcomputer de verbinding actief heeft geweigerd., this = 0x219d2fa0
[2023-11-06 22:18:16.703] [pxr_streamer] [error] rpc_terminal.cpp:37 operator (): connect failed, error= Kan geen verbinding maken omdat de doelcomputer de verbinding actief heeft geweigerd., this = 0x219d2fa0
[2023-11-06 22:18:19.944] [pxr_streamer] [error] rpc_terminal.cpp:37 operator (): connect failed, error= Kan geen verbinding maken omdat de doelcomputer de verbinding actief heeft geweigerd., this = 0x219d2fa0
[2023-11-06 22:18:22.981] [pxr_streamer] [error] rpc_terminal.cpp:37 operator (): connect failed, error= Kan geen verbinding maken omdat de doelcomputer de verbinding actief heeft geweigerd., this = 0x219d2fa0
[2023-11-06 22:18:26.035] [pxr_streamer] [error] rpc_terminal.cpp:37 operator (): connect failed, error= Kan geen verbinding maken omdat de doelcomputer de verbinding actief heeft geweigerd., this = 0x219d2fa0
[2023-11-06 22:18:29.090] [pxr_streamer] [error] rpc_terminal.cpp:37 operator (): connect failed, error= Kan geen verbinding maken omdat de doelcomputer de verbinding actief heeft geweigerd., this = 0x219d2fa0
[2023-11-06 22:18:32.127] [pxr_streamer] [error] rpc_terminal.cpp:37 operator (): connect failed, error= Kan geen verbinding maken omdat de doelcomputer de verbinding actief heeft geweigerd., this = 0x219d2fa0
[2023-11-06 22:18:35.152] [pxr_streamer] [error] rpc_terminal.cpp:37 operator (): connect failed, error= Kan geen verbinding maken omdat de doelcomputer de verbinding actief heeft geweigerd., this = 0x219d2fa0
[2023-11-06 22:18:38.187] [pxr_streamer] [error] rpc_terminal.cpp:37 operator (): connect failed, error= Kan geen verbinding maken omdat de doelcomputer de verbinding actief heeft geweigerd., this = 0x219d2fa0
[2023-11-06 22:18:41.225] [pxr_streamer] [error] rpc_terminal.cpp:37 operator (): connect failed, error= Kan geen verbinding maken omdat de doelcomputer de verbinding actief heeft geweigerd., this = 0x219d2fa0
[2023-11-06 22:18:44.280] [pxr_streamer] [error] rpc_terminal.cpp:37 operator (): connect failed, error= Kan geen verbinding maken omdat de doelcomputer de verbinding actief heeft geweigerd., this = 0x219d2fa0
[2023-11-06 22:18:47.742] [pxr_streamer] [error] rpc_terminal.cpp:37 operator (): connect failed, error= Kan geen verbinding maken omdat de doelcomputer de verbinding actief heeft geweigerd., this = 0x219d2fa0
[2023-11-06 22:18:50.778] [pxr_streamer] [error] rpc_terminal.cpp:37 operator (): connect failed, error= Kan geen verbinding maken omdat de doelcomputer de verbinding actief heeft geweigerd., this = 0x219d2fa0
[2023-11-06 22:18:53.837] [pxr_streamer] [error] rpc_terminal.cpp:37 operator (): connect failed, error= Kan geen verbinding maken omdat de doelcomputer de verbinding actief heeft geweigerd., this = 0x219d2fa0
[2023-11-06 22:18:56.884] [pxr_streamer] [error] rpc_terminal.cpp:37 operator (): connect failed, error= Kan geen verbinding maken omdat de doelcomputer de verbinding actief heeft geweigerd., this = 0x219d2fa0
[2023-11-06 22:19:00.244] [pxr_streamer] [error] rpc_terminal.cpp:37 operator (): connect failed, error= Kan geen verbinding maken omdat de doelcomputer de verbinding actief heeft geweigerd., this = 0x219d2fa0
[2023-11-06 22:19:03.286] [pxr_streamer] [error] rpc_terminal.cpp:37 operator (): connect failed, error= Kan geen verbinding maken omdat de doelcomputer de verbinding actief heeft geweigerd., this = 0x219d2fa0
[2023-11-06 22:19:06.304] [pxr_streamer] [error] rpc_terminal.cpp:37 operator (): connect failed, error= Kan geen verbinding maken omdat de doelcomputer de verbinding actief heeft geweigerd., this = 0x219d2fa0
[2023-11-06 22:19:09.330] [pxr_streamer] [error] rpc_terminal.cpp:37 operator (): connect failed, error= Kan geen verbinding maken omdat de doelcomputer de verbinding actief heeft geweigerd., this = 0x219d2fa0
[2023-11-06 22:19:12.348] [pxr_streamer] [error] rpc_terminal.cpp:37 operator (): connect failed, error= Kan geen verbinding maken omdat de doelcomputer de verbinding actief heeft geweigerd., this = 0x219d2fa0
[2023-11-06 22:19:15.404] [pxr_streamer] [error] rpc_terminal.cpp:37 operator (): connect failed, error= Kan geen verbinding maken omdat de doelcomputer de verbinding actief heeft geweigerd., this = 0x219d2fa0
[2023-11-06 22:19:18.452] [pxr_streamer] [error] rpc_terminal.cpp:37 operator (): connect failed, error= Kan geen verbinding maken omdat de doelcomputer de verbinding actief heeft geweigerd., this = 0x219d2fa0
[2023-11-06 22:19:21.498] [pxr_streamer] [error] rpc_terminal.cpp:37 operator (): connect failed, error= Kan geen verbinding maken omdat de doelcomputer de verbinding actief heeft geweigerd., this = 0x219d2fa0
[2023-11-06 22:19:24.530] [pxr_streamer] [error] rpc_terminal.cpp:37 operator (): connect failed, error= Kan geen verbinding maken omdat de doelcomputer de verbinding actief heeft geweigerd., this = 0x219d2fa0
[2023-11-06 22:19:27.580] [pxr_streamer] [error] rpc_terminal.cpp:37 operator (): connect failed, error= Kan geen verbinding maken omdat de doelcomputer de verbinding actief heeft geweigerd., this = 0x219d2fa0
[2023-11-06 22:19:30.628] [pxr_streamer] [error] rpc_terminal.cpp:37 operator (): connect failed, error= Kan geen verbinding maken omdat de doelcomputer de verbinding actief heeft geweigerd., this = 0x219d2fa0
[2023-11-06 22:19:33.657] [pxr_streamer] [error] rpc_terminal.cpp:37 operator (): connect failed, error= Kan geen verbinding maken omdat de doelcomputer de verbinding actief heeft geweigerd., this = 0x219d2fa0
[2023-11-06 22:19:36.706] [pxr_streamer] [error] rpc_terminal.cpp:37 operator (): connect failed, error= Kan geen verbinding maken omdat de doelcomputer de verbinding actief heeft geweigerd., this = 0x219d2fa0
[2023-11-06 22:19:39.742] [pxr_streamer] [error] rpc_terminal.cpp:37 operator (): connect failed, error= Kan geen verbinding maken omdat de doelcomputer de verbinding actief heeft geweigerd., this = 0x219d2fa0
[2023-11-06 22:19:42.768] [pxr_streamer] [error] rpc_terminal.cpp:37 operator (): connect failed, error= Kan geen verbinding maken omdat de doelcomputer de verbinding actief heeft geweigerd., this = 0x219d2fa0
[2023-11-06 22:19:45.810] [pxr_streamer] [error] rpc_terminal.cpp:37 operator (): connect failed, error= Kan geen verbinding maken omdat de doelcomputer de verbinding actief heeft geweigerd., this = 0x219d2fa0
[2023-11-06 22:19:48.855] [pxr_streamer] [error] rpc_terminal.cpp:37 operator (): connect failed, error= Kan geen verbinding maken omdat de doelcomputer de verbinding actief heeft geweigerd., this = 0x219d2fa0
[2023-11-06 22:19:51.887] [pxr_streamer] [error] rpc_terminal.cpp:37 operator (): connect failed, error= Kan geen verbinding maken omdat de doelcomputer de verbinding actief heeft geweigerd., this = 0x219d2fa0
[2023-11-06 22:19:54.937] [pxr_streamer] [error] rpc_terminal.cpp:37 operator (): connect failed, error= Kan geen verbinding maken omdat de doelcomputer de verbinding actief heeft geweigerd., this = 0x219d2fa0
[2023-11-06 22:19:57.981] [pxr_streamer] [error] rpc_terminal.cpp:37 operator (): connect failed, error= Kan geen verbinding maken omdat de doelcomputer de verbinding actief heeft geweigerd., this = 0x219d2fa0
[2023-11-06 22:20:01.018] [pxr_streamer] [error] rpc_terminal.cpp:37 operator (): connect failed, error= Kan geen verbinding maken omdat de doelcomputer de verbinding actief heeft geweigerd., this = 0x219d2fa0
[2023-11-06 22:20:04.066] [pxr_streamer] [error] rpc_terminal.cpp:37 operator (): connect failed, error= Kan geen verbinding maken omdat de doelcomputer de verbinding actief heeft geweigerd., this = 0x219d2fa0
[2023-11-06 22:20:07.097] [pxr_streamer] [error] rpc_terminal.cpp:37 operator (): connect failed, error= Kan geen verbinding maken omdat de doelcomputer de verbinding actief heeft geweigerd., this = 0x219d2fa0
[2023-11-06 22:20:10.142] [pxr_streamer] [error] rpc_terminal.cpp:37 operator (): connect failed, error= Kan geen verbinding maken omdat de doelcomputer de verbinding actief heeft geweigerd., this = 0x219d2fa0
[2023-11-06 22:20:13.188] [pxr_streamer] [error] rpc_terminal.cpp:37 operator (): connect failed, error= Kan geen verbinding maken omdat de doelcomputer de verbinding actief heeft geweigerd., this = 0x219d2fa0
[2023-11-06 22:20:16.208] [pxr_streamer] [error] rpc_terminal.cpp:37 operator (): connect failed, error= Kan geen verbinding maken omdat de doelcomputer de verbinding actief heeft geweigerd., this = 0x219d2fa0
[2023-11-06 22:20:19.270] [pxr_streamer] [error] rpc_terminal.cpp:37 operator (): connect failed, error= Kan geen verbinding maken omdat de doelcomputer de verbinding actief heeft geweigerd., this = 0x219d2fa0
[2023-11-06 22:20:22.299] [pxr_streamer] [error] rpc_terminal.cpp:37 operator (): connect failed, error= Kan geen verbinding maken omdat de doelcomputer de verbinding actief heeft geweigerd., this = 0x219d2fa0
[2023-11-06 22:20:25.351] [pxr_streamer] [error] rpc_terminal.cpp:37 operator (): connect failed, error= Kan geen verbinding maken omdat de doelcomputer de verbinding actief heeft geweigerd., this = 0x219d2fa0
[2023-11-06 22:20:28.421] [pxr_streamer] [error] rpc_terminal.cpp:37 operator (): connect failed, error= Kan geen verbinding maken omdat de doelcomputer de verbinding actief heeft geweigerd., this = 0x219d2fa0
[2023-11-06 22:20:31.471] [pxr_streamer] [error] rpc_terminal.cpp:37 operator (): connect failed, error= Kan geen verbinding maken omdat de doelcomputer de verbinding actief heeft geweigerd., this = 0x219d2fa0
[2023-11-06 22:20:34.520] [pxr_streamer] [error] rpc_terminal.cpp:37 operator (): connect failed, error= Kan geen verbinding maken omdat de doelcomputer de verbinding actief heeft geweigerd., this = 0x219d2fa0
[2023-11-06 22:20:37.545] [pxr_streamer] [error] rpc_terminal.cpp:37 operator (): connect failed, error= Kan geen verbinding maken omdat de doelcomputer de verbinding actief heeft geweigerd., this = 0x219d2fa0
[2023-11-06 22:20:40.566] [pxr_streamer] [error] rpc_terminal.cpp:37 operator (): connect failed, error= Kan geen verbinding maken omdat de doelcomputer de verbinding actief heeft geweigerd., this = 0x219d2fa0
[2023-11-06 22:20:43.613] [pxr_streamer] [error] rpc_terminal.cpp:37 operator (): connect failed, error= Kan geen verbinding maken omdat de doelcomputer de verbinding actief heeft geweigerd., this = 0x219d2fa0
[2023-11-06 22:20:46.650] [pxr_streamer] [error] rpc_terminal.cpp:37 operator (): connect failed, error= Kan geen verbinding maken omdat de doelcomputer de verbinding actief heeft geweigerd., this = 0x219d2fa0
[2023-11-06 22:20:49.704] [pxr_streamer] [error] rpc_terminal.cpp:37 operator (): connect failed, error= Kan geen verbinding maken omdat de doelcomputer de verbinding actief heeft geweigerd., this = 0x219d2fa0
[2023-11-06 22:20:52.748] [pxr_streamer] [error] rpc_terminal.cpp:37 operator (): connect failed, error= Kan geen verbinding maken omdat de doelcomputer de verbinding actief heeft geweigerd., this = 0x219d2fa0
[2023-11-06 22:20:55.778] [pxr_streamer] [error] rpc_terminal.cpp:37 operator (): connect failed, error= Kan geen verbinding maken omdat de doelcomputer de verbinding actief heeft geweigerd., this = 0x219d2fa0
[2023-11-06 22:20:58.816] [pxr_streamer] [error] rpc_terminal.cpp:37 operator (): connect failed, error= Kan geen verbinding maken omdat de doelcomputer de verbinding actief heeft geweigerd., this = 0x219d2fa0
[2023-11-06 22:21:01.881] [pxr_streamer] [error] rpc_terminal.cpp:37 operator (): connect failed, error= Kan geen verbinding maken omdat de doelcomputer de verbinding actief heeft geweigerd., this = 0x219d2fa0
[2023-11-06 22:21:04.923] [pxr_streamer] [error] rpc_terminal.cpp:37 operator (): connect failed, error= Kan geen verbinding maken omdat de doelcomputer de verbinding actief heeft geweigerd., this = 0x219d2fa0
[2023-11-06 22:21:07.944] [pxr_streamer] [error] rpc_terminal.cpp:37 operator (): connect failed, error= Kan geen verbinding maken omdat de doelcomputer de verbinding actief heeft geweigerd., this = 0x219d2fa0
[2023-11-06 22:21:10.981] [pxr_streamer] [error] rpc_terminal.cpp:37 operator (): connect failed, error= Kan geen verbinding maken omdat de doelcomputer de verbinding actief heeft geweigerd., this = 0x219d2fa0
[2023-11-06 22:21:14.019] [pxr_streamer] [error] rpc_terminal.cpp:37 operator (): connect failed, error= Kan geen verbinding maken omdat de doelcomputer de verbinding actief heeft geweigerd., this = 0x219d2fa0
[2023-11-06 22:21:17.053] [pxr_streamer] [error] rpc_terminal.cpp:37 operator (): connect failed, error= Kan geen verbinding maken omdat de doelcomputer de verbinding actief heeft geweigerd., this = 0x219d2fa0
[2023-11-06 22:21:20.077] [pxr_streamer] [error] rpc_terminal.cpp:37 operator (): connect failed, error= Kan geen verbinding maken omdat de doelcomputer de verbinding actief heeft geweigerd., this = 0x219d2fa0
[2023-11-06 22:21:23.118] [pxr_streamer] [error] rpc_terminal.cpp:37 operator (): connect failed, error= Kan geen verbinding maken omdat de doelcomputer de verbinding actief heeft geweigerd., this = 0x219d2fa0
[2023-11-06 22:21:26.140] [pxr_streamer] [error] rpc_terminal.cpp:37 operator (): connect failed, error= Kan geen verbinding maken omdat de doelcomputer de verbinding actief heeft geweigerd., this = 0x219d2fa0
[2023-11-06 22:21:29.159] [pxr_streamer] [error] rpc_terminal.cpp:37 operator (): connect failed, error= Kan geen verbinding maken omdat de doelcomputer de verbinding actief heeft geweigerd., this = 0x219d2fa0
[2023-11-06 22:21:32.205] [pxr_streamer] [error] rpc_terminal.cpp:37 operator (): connect failed, error= Kan geen verbinding maken omdat de doelcomputer de verbinding actief heeft geweigerd., this = 0x219d2fa0
[2023-11-06 22:21:35.230] [pxr_streamer] [error] rpc_terminal.cpp:37 operator (): connect failed, error= Kan geen verbinding maken omdat de doelcomputer de verbinding actief heeft geweigerd., this = 0x219d2fa0
[2023-11-06 22:21:38.287] [pxr_streamer] [error] rpc_terminal.cpp:37 operator (): connect failed, error= Kan geen verbinding maken omdat de doelcomputer de verbinding actief heeft geweigerd., this = 0x219d2fa0
[2023-11-06 22:21:41.332] [pxr_streamer] [error] rpc_terminal.cpp:37 operator (): connect failed, error= Kan geen verbinding maken omdat de doelcomputer de verbinding actief heeft geweigerd., this = 0x219d2fa0
[2023-11-06 22:21:44.352] [pxr_streamer] [error] rpc_terminal.cpp:37 operator (): connect failed, error= Kan geen verbinding maken omdat de doelcomputer de verbinding actief heeft geweigerd., this = 0x219d2fa0
[2023-11-06 22:21:47.409] [pxr_streamer] [error] rpc_terminal.cpp:37 operator (): connect failed, error= Kan geen verbinding maken omdat de doelcomputer de verbinding actief heeft geweigerd., this = 0x219d2fa0
[2023-11-06 22:21:50.444] [pxr_streamer] [error] rpc_terminal.cpp:37 operator (): connect failed, error= Kan geen verbinding maken omdat de doelcomputer de verbinding actief heeft geweigerd., this = 0x219d2fa0
[2023-11-06 22:21:53.480] [pxr_streamer] [error] rpc_terminal.cpp:37 operator (): connect failed, error= Kan geen verbinding maken omdat de doelcomputer de verbinding actief heeft geweigerd., this = 0x219d2fa0
[2023-11-06 22:21:56.500] [pxr_streamer] [error] rpc_terminal.cpp:37 operator (): connect failed, error= Kan geen verbinding maken omdat de doelcomputer de verbinding actief heeft geweigerd., this = 0x219d2fa0
[2023-11-06 22:21:59.539] [pxr_streamer] [error] rpc_terminal.cpp:37 operator (): connect failed, error= Kan geen verbinding maken omdat de doelcomputer de verbinding actief heeft geweigerd., this = 0x219d2fa0
[2023-11-06 22:22:02.567] [pxr_streamer] [error] rpc_terminal.cpp:37 operator (): connect failed, error= Kan geen verbinding maken omdat de doelcomputer de verbinding actief heeft geweigerd., this = 0x219d2fa0
[2023-11-06 22:22:05.586] [pxr_streamer] [error] rpc_terminal.cpp:37 operator (): connect failed, error= Kan geen verbinding maken omdat de doelcomputer de verbinding actief heeft geweigerd., this = 0x219d2fa0
[2023-11-06 22:22:08.623] [pxr_streamer] [error] rpc_terminal.cpp:37 operator (): connect failed, error= Kan geen verbinding maken omdat de doelcomputer de verbinding actief heeft geweigerd., this = 0x219d2fa0
[2023-11-06 22:22:11.668] [pxr_streamer] [error] rpc_terminal.cpp:37 operator (): connect failed, error= Kan geen verbinding maken omdat de doelcomputer de verbinding actief heeft geweigerd., this = 0x219d2fa0
[2023-11-06 22:22:14.710] [pxr_streamer] [error] rpc_terminal.cpp:37 operator (): connect failed, error= Kan geen verbinding maken omdat de doelcomputer de verbinding actief heeft geweigerd., this = 0x219d2fa0
[2023-11-06 22:22:17.744] [pxr_streamer] [error] rpc_terminal.cpp:37 operator (): connect failed, error= Kan geen verbinding maken omdat de doelcomputer de verbinding actief heeft geweigerd., this = 0x219d2fa0
[2023-11-06 22:22:20.773] [pxr_streamer] [error] rpc_terminal.cpp:37 operator (): connect failed, error= Kan geen verbinding maken omdat de doelcomputer de verbinding actief heeft geweigerd., this = 0x219d2fa0
[2023-11-06 22:22:23.786] [pxr_streamer] [error] rpc_terminal.cpp:37 operator (): connect failed, error= Kan geen verbinding maken omdat de doelcomputer de verbinding actief heeft geweigerd., this = 0x219d2fa0
[2023-11-06 22:22:26.831] [pxr_streamer] [error] rpc_terminal.cpp:37 operator (): connect failed, error= Kan geen verbinding maken omdat de doelcomputer de verbinding actief heeft geweigerd., this = 0x219d2fa0
[2023-11-06 22:22:29.869] [pxr_streamer] [error] rpc_terminal.cpp:37 operator (): connect failed, error= Kan geen verbinding maken omdat de doelcomputer de verbinding actief heeft geweigerd., this = 0x219d2fa0
[2023-11-06 22:22:32.889] [pxr_streamer] [error] rpc_terminal.cpp:37 operator (): connect failed, error= Kan geen verbinding maken omdat de doelcomputer de verbinding actief heeft geweigerd., this = 0x219d2fa0
[2023-11-06 22:22:35.925] [pxr_streamer] [error] rpc_terminal.cpp:37 operator (): connect failed, error= Kan geen verbinding maken omdat de doelcomputer de verbinding actief heeft geweigerd., this = 0x219d2fa0
[2023-11-06 22:22:38.956] [pxr_streamer] [error] rpc_terminal.cpp:37 operator (): connect failed, error= Kan geen verbinding maken omdat de doelcomputer de verbinding actief heeft geweigerd., this = 0x219d2fa0
[2023-11-06 22:22:42.013] [pxr_streamer] [error] rpc_terminal.cpp:37 operator (): connect failed, error= Kan geen verbinding maken omdat de doelcomputer de verbinding actief heeft geweigerd., this = 0x219d2fa0
[2023-11-06 22:22:45.054] [pxr_streamer] [error] rpc_terminal.cpp:37 operator (): connect failed, error= Kan geen verbinding maken omdat de doelcomputer de verbinding actief heeft geweigerd., this = 0x219d2fa0
[2023-11-06 22:22:48.100] [pxr_streamer] [error] rpc_terminal.cpp:37 operator (): connect failed, error= Kan geen verbinding maken omdat de doelcomputer de verbinding actief heeft geweigerd., this = 0x219d2fa0
[2023-11-06 22:22:51.139] [pxr_streamer] [error] rpc_terminal.cpp:37 operator (): connect failed, error= Kan geen verbinding maken omdat de doelcomputer de verbinding actief heeft geweigerd., this = 0x219d2fa0
[2023-11-06 22:22:54.168] [pxr_streamer] [error] rpc_terminal.cpp:37 operator (): connect failed, error= Kan geen verbinding maken omdat de doelcomputer de verbinding actief heeft geweigerd., this = 0x219d2fa0
[2023-11-06 22:22:57.220] [pxr_streamer] [error] rpc_terminal.cpp:37 operator (): connect failed, error= Kan geen verbinding maken omdat de doelcomputer de verbinding actief heeft geweigerd., this = 0x219d2fa0
[2023-11-06 22:23:00.251] [pxr_streamer] [error] rpc_terminal.cpp:37 operator (): connect failed, error= Kan geen verbinding maken omdat de doelcomputer de verbinding actief heeft geweigerd., this = 0x219d2fa0
[2023-11-06 22:23:03.314] [pxr_streamer] [error] rpc_terminal.cpp:37 operator (): connect failed, error= Kan geen verbinding maken omdat de doelcomputer de verbinding actief heeft geweigerd., this = 0x219d2fa0
[2023-11-06 22:23:06.360] [pxr_streamer] [error] rpc_terminal.cpp:37 operator (): connect failed, error= Kan geen verbinding maken omdat de doelcomputer de verbinding actief heeft geweigerd., this = 0x219d2fa0
[2023-11-06 22:23:09.414] [pxr_streamer] [error] rpc_terminal.cpp:37 operator (): connect failed, error= Kan geen verbinding maken omdat de doelcomputer de verbinding actief heeft geweigerd., this = 0x219d2fa0
[2023-11-06 22:23:12.445] [pxr_streamer] [error] rpc_terminal.cpp:37 operator (): connect failed, error= Kan geen verbinding maken omdat de doelcomputer de verbinding actief heeft geweigerd., this = 0x219d2fa0
[2023-11-06 22:23:15.493] [pxr_streamer] [error] rpc_terminal.cpp:37 operator (): connect failed, error= Kan geen verbinding maken omdat de doelcomputer de verbinding actief heeft geweigerd., this = 0x219d2fa0
[2023-11-06 22:23:18.551] [pxr_streamer] [error] rpc_terminal.cpp:37 operator (): connect failed, error= Kan geen verbinding maken omdat de doelcomputer de verbinding actief heeft geweigerd., this = 0x219d2fa0
[2023-11-06 22:23:21.610] [pxr_streamer] [error] rpc_terminal.cpp:37 operator (): connect failed, error= Kan geen verbinding maken omdat de doelcomputer de verbinding actief heeft geweigerd., this = 0x219d2fa0
[2023-11-06 22:23:24.657] [pxr_streamer] [error] rpc_terminal.cpp:37 operator (): connect failed, error= Kan geen verbinding maken omdat de doelcomputer de verbinding actief heeft geweigerd., this = 0x219d2fa0
[2023-11-06 22:23:27.679] [pxr_streamer] [error] rpc_terminal.cpp:37 operator (): connect failed, error= Kan geen verbinding maken omdat de doelcomputer de verbinding actief heeft geweigerd., this = 0x219d2fa0
[2023-11-06 22:23:30.723] [pxr_streamer] [error] rpc_terminal.cpp:37 operator (): connect failed, error= Kan geen verbinding maken omdat de doelcomputer de verbinding actief heeft geweigerd., this = 0x219d2fa0
[2023-11-06 22:23:33.755] [pxr_streamer] [error] rpc_terminal.cpp:37 operator (): connect failed, error= Kan geen verbinding maken omdat de doelcomputer de verbinding actief heeft geweigerd., this = 0x219d2fa0
[2023-11-06 22:23:36.815] [pxr_streamer] [error] rpc_terminal.cpp:37 operator (): connect failed, error= Kan geen verbinding maken omdat de doelcomputer de verbinding actief heeft geweigerd., this = 0x219d2fa0
[2023-11-06 22:23:39.856] [pxr_streamer] [error] rpc_terminal.cpp:37 operator (): connect failed, error= Kan geen verbinding maken omdat de doelcomputer de verbinding actief heeft geweigerd., this = 0x219d2fa0
[2023-11-06 22:23:42.903] [pxr_streamer] [error] rpc_terminal.cpp:37 operator (): connect failed, error= Kan geen verbinding maken omdat de doelcomputer de verbinding actief heeft geweigerd., this = 0x219d2fa0
[2023-11-06 22:23:45.923] [pxr_streamer] [error] rpc_terminal.cpp:37 operator (): connect failed, error= Kan geen verbinding maken omdat de doelcomputer de verbinding actief heeft geweigerd., this = 0x219d2fa0
[2023-11-06 22:23:48.995] [pxr_streamer] [error] rpc_terminal.cpp:37 operator (): connect failed, error= Kan geen verbinding maken omdat de doelcomputer de verbinding actief heeft geweigerd., this = 0x219d2fa0
[2023-11-06 22:23:52.031] [pxr_streamer] [error] rpc_terminal.cpp:37 operator (): connect failed, error= Kan geen verbinding maken omdat de doelcomputer de verbinding actief heeft geweigerd., this = 0x219d2fa0
[2023-11-06 22:23:55.075] [pxr_streamer] [error] rpc_terminal.cpp:37 operator (): connect failed, error= Kan geen verbinding maken omdat de doelcomputer de verbinding actief heeft geweigerd., this = 0x219d2fa0
[2023-11-06 22:23:58.107] [pxr_streamer] [error] rpc_terminal.cpp:37 operator (): connect failed, error= Kan geen verbinding maken omdat de doelcomputer de verbinding actief heeft geweigerd., this = 0x219d2fa0
[2023-11-06 22:24:01.141] [pxr_streamer] [error] rpc_terminal.cpp:37 operator (): connect failed, error= Kan geen verbinding maken omdat de doelcomputer de verbinding actief heeft geweigerd., this = 0x219d2fa0
[2023-11-06 22:24:04.179] [pxr_streamer] [error] rpc_terminal.cpp:37 operator (): connect failed, error= Kan geen verbinding maken omdat de doelcomputer de verbinding actief heeft geweigerd., this = 0x219d2fa0
[2023-11-06 22:24:07.226] [pxr_streamer] [error] rpc_terminal.cpp:37 operator (): connect failed, error= Kan geen verbinding maken omdat de doelcomputer de verbinding actief heeft geweigerd., this = 0x219d2fa0
[2023-11-06 22:24:10.252] [pxr_streamer] [error] rpc_terminal.cpp:37 operator (): connect failed, error= Kan geen verbinding maken omdat de doelcomputer de verbinding actief heeft geweigerd., this = 0x219d2fa0
[2023-11-06 22:24:13.293] [pxr_streamer] [error] rpc_terminal.cpp:37 operator (): connect failed, error= Kan geen verbinding maken omdat de doelcomputer de verbinding actief heeft geweigerd., this = 0x219d2fa0
[2023-11-06 22:24:16.327] [pxr_streamer] [error] rpc_terminal.cpp:37 operator (): connect failed, error= Kan geen verbinding maken omdat de doelcomputer de verbinding actief heeft geweigerd., this = 0x219d2fa0
[2023-11-06 22:24:19.342] [pxr_streamer] [error] rpc_terminal.cpp:37 operator (): connect failed, error= Kan geen verbinding maken omdat de doelcomputer de verbinding actief heeft geweigerd., this = 0x219d2fa0
[2023-11-06 22:24:22.366] [pxr_streamer] [error] rpc_terminal.cpp:37 operator (): connect failed, error= Kan geen verbinding maken omdat de doelcomputer de verbinding actief heeft geweigerd., this = 0x219d2fa0
[2023-11-06 22:24:25.400] [pxr_streamer] [error] rpc_terminal.cpp:37 operator (): connect failed, error= Kan geen verbinding maken omdat de doelcomputer de verbinding actief heeft geweigerd., this = 0x219d2fa0
[2023-11-06 22:24:28.425] [pxr_streamer] [error] rpc_terminal.cpp:37 operator (): connect failed, error= Kan geen verbinding maken omdat de doelcomputer de verbinding actief heeft geweigerd., this = 0x219d2fa0
[2023-11-06 22:24:31.468] [pxr_streamer] [error] rpc_terminal.cpp:37 operator (): connect failed, error= Kan geen verbinding maken omdat de doelcomputer de verbinding actief heeft geweigerd., this = 0x219d2fa0
[2023-11-06 22:24:34.512] [pxr_streamer] [error] rpc_terminal.cpp:37 operator (): connect failed, error= Kan geen verbinding maken omdat de doelcomputer de verbinding actief heeft geweigerd., this = 0x219d2fa0
[2023-11-06 22:24:37.547] [pxr_streamer] [error] rpc_terminal.cpp:37 operator (): connect failed, error= Kan geen verbinding maken omdat de doelcomputer de verbinding actief heeft geweigerd., this = 0x219d2fa0
[2023-11-06 22:24:40.569] [pxr_streamer] [error] rpc_terminal.cpp:37 operator (): connect failed, error= Kan geen verbinding maken omdat de doelcomputer de verbinding actief heeft geweigerd., this = 0x219d2fa0
[2023-11-06 22:24:43.577] [pxr_streamer] [error] rpc_terminal.cpp:37 operator (): connect failed, error= Kan geen verbinding maken omdat de doelcomputer de verbinding actief heeft geweigerd., this = 0x219d2fa0
[2023-11-06 22:24:46.601] [pxr_streamer] [error] rpc_terminal.cpp:37 operator (): connect failed, error= Kan geen verbinding maken omdat de doelcomputer de verbinding actief heeft geweigerd., this = 0x219d2fa0
[2023-11-06 22:24:49.614] [pxr_streamer] [error] rpc_terminal.cpp:37 operator (): connect failed, error= Kan geen verbinding maken omdat de doelcomputer de verbinding actief heeft geweigerd., this = 0x219d2fa0
[2023-11-06 22:24:52.626] [pxr_streamer] [error] rpc_terminal.cpp:37 operator (): connect failed, error= Kan geen verbinding maken omdat de doelcomputer de verbinding actief heeft geweigerd., this = 0x219d2fa0
[2023-11-06 22:24:55.659] [pxr_streamer] [error] rpc_terminal.cpp:37 operator (): connect failed, error= Kan geen verbinding maken omdat de doelcomputer de verbinding actief heeft geweigerd., this = 0x219d2fa0
[2023-11-06 22:24:58.699] [pxr_streamer] [error] rpc_terminal.cpp:37 operator (): connect failed, error= Kan geen verbinding maken omdat de doelcomputer de verbinding actief heeft geweigerd., this = 0x219d2fa0
[2023-11-06 22:25:01.738] [pxr_streamer] [error] rpc_terminal.cpp:37 operator (): connect failed, error= Kan geen verbinding maken omdat de doelcomputer de verbinding actief heeft geweigerd., this = 0x219d2fa0
[2023-11-06 22:25:04.781] [pxr_streamer] [error] rpc_terminal.cpp:37 operator (): connect failed, error= Kan geen verbinding maken omdat de doelcomputer de verbinding actief heeft geweigerd., this = 0x219d2fa0
[2023-11-06 22:25:07.813] [pxr_streamer] [error] rpc_terminal.cpp:37 operator (): connect failed, error= Kan geen verbinding maken omdat de doelcomputer de verbinding actief heeft geweigerd., this = 0x219d2fa0
[2023-11-06 22:25:10.855] [pxr_streamer] [error] rpc_terminal.cpp:37 operator (): connect failed, error= Kan geen verbinding maken omdat de doelcomputer de verbinding actief heeft geweigerd., this = 0x219d2fa0
[2023-11-06 22:25:13.893] [pxr_streamer] [error] rpc_terminal.cpp:37 operator (): connect failed, error= Kan geen verbinding maken omdat de doelcomputer de verbinding actief heeft geweigerd., this = 0x219d2fa0
[2023-11-06 22:25:16.917] [pxr_streamer] [error] rpc_terminal.cpp:37 operator (): connect failed, error= Kan geen verbinding maken omdat de doelcomputer de verbinding actief heeft geweigerd., this = 0x219d2fa0
[2023-11-06 22:25:19.939] [pxr_streamer] [error] rpc_terminal.cpp:37 operator (): connect failed, error= Kan geen verbinding maken omdat de doelcomputer de verbinding actief heeft geweigerd., this = 0x219d2fa0
[2023-11-06 22:25:22.975] [pxr_streamer] [error] rpc_terminal.cpp:37 operator (): connect failed, error= Kan geen verbinding maken omdat de doelcomputer de verbinding actief heeft geweigerd., this = 0x219d2fa0
[2023-11-06 22:25:26.018] [pxr_streamer] [error] rpc_terminal.cpp:37 operator (): connect failed, error= Kan geen verbinding maken omdat de doelcomputer de verbinding actief heeft geweigerd., this = 0x219d2fa0
[2023-11-06 22:25:29.037] [pxr_streamer] [error] rpc_terminal.cpp:37 operator (): connect failed, error= Kan geen verbinding maken omdat de doelcomputer de verbinding actief heeft geweigerd., this = 0x219d2fa0
[2023-11-06 22:25:32.084] [pxr_streamer] [error] rpc_terminal.cpp:37 operator (): connect failed, error= Kan geen verbinding maken omdat de doelcomputer de verbinding actief heeft geweigerd., this = 0x219d2fa0
[2023-11-06 22:25:35.129] [pxr_streamer] [error] rpc_terminal.cpp:37 operator (): connect failed, error= Kan geen verbinding maken omdat de doelcomputer de verbinding actief heeft geweigerd., this = 0x219d2fa0
[2023-11-06 22:25:38.159] [pxr_streamer] [error] rpc_terminal.cpp:37 operator (): connect failed, error= Kan geen verbinding maken omdat de doelcomputer de verbinding actief heeft geweigerd., this = 0x219d2fa0
[2023-11-06 22:25:41.190] [pxr_streamer] [error] rpc_terminal.cpp:37 operator (): connect failed, error= Kan geen verbinding maken omdat de doelcomputer de verbinding actief heeft geweigerd., this = 0x219d2fa0
[2023-11-06 22:25:44.237] [pxr_streamer] [error] rpc_terminal.cpp:37 operator (): connect failed, error= Kan geen verbinding maken omdat de doelcomputer de verbinding actief heeft geweigerd., this = 0x219d2fa0
[2023-11-06 22:25:47.259] [pxr_streamer] [error] rpc_terminal.cpp:37 operator (): connect failed, error= Kan geen verbinding maken omdat de doelcomputer de verbinding actief heeft geweigerd., this = 0x219d2fa0
[2023-11-06 22:25:50.280] [pxr_streamer] [error] rpc_terminal.cpp:37 operator (): connect failed, error= Kan geen verbinding maken omdat de doelcomputer de verbinding actief heeft geweigerd., this = 0x219d2fa0
[2023-11-06 22:25:53.307] [pxr_streamer] [error] rpc_terminal.cpp:37 operator (): connect failed, error= Kan geen verbinding maken omdat de doelcomputer de verbinding actief heeft geweigerd., this = 0x219d2fa0
[2023-11-06 22:25:56.342] [pxr_streamer] [error] rpc_terminal.cpp:37 operator (): connect failed, error= Kan geen verbinding maken omdat de doelcomputer de verbinding actief heeft geweigerd., this = 0x219d2fa0
[2023-11-06 22:25:59.387] [pxr_streamer] [error] rpc_terminal.cpp:37 operator (): connect failed, error= Kan geen verbinding maken omdat de doelcomputer de verbinding actief heeft geweigerd., this = 0x219d2fa0
[2023-11-06 22:26:02.426] [pxr_streamer] [error] rpc_terminal.cpp:37 operator (): connect failed, error= Kan geen verbinding maken omdat de doelcomputer de verbinding actief heeft geweigerd., this = 0x219d2fa0
[2023-11-06 22:26:05.468] [pxr_streamer] [error] rpc_terminal.cpp:37 operator (): connect failed, error= Kan geen verbinding maken omdat de doelcomputer de verbinding actief heeft geweigerd., this = 0x219d2fa0
[2023-11-06 22:26:08.512] [pxr_streamer] [error] rpc_terminal.cpp:37 operator (): connect failed, error= Kan geen verbinding maken omdat de doelcomputer de verbinding actief heeft geweigerd., this = 0x219d2fa0
[2023-11-06 22:26:11.533] [pxr_streamer] [error] rpc_terminal.cpp:37 operator (): connect failed, error= Kan geen verbinding maken omdat de doelcomputer de verbinding actief heeft geweigerd., this = 0x219d2fa0
[2023-11-06 22:26:14.558] [pxr_streamer] [error] rpc_terminal.cpp:37 operator (): connect failed, error= Kan geen verbinding maken omdat de doelcomputer de verbinding actief heeft geweigerd., this = 0x219d2fa0
[2023-11-06 22:26:17.599] [pxr_streamer] [error] rpc_terminal.cpp:37 operator (): connect failed, error= Kan geen verbinding maken omdat de doelcomputer de verbinding actief heeft geweigerd., this = 0x219d2fa0
[2023-11-06 22:26:20.643] [pxr_streamer] [error] rpc_terminal.cpp:37 operator (): connect failed, error= Kan geen verbinding maken omdat de doelcomputer de verbinding actief heeft geweigerd., this = 0x219d2fa0
[2023-11-06 22:26:23.700] [pxr_streamer] [error] rpc_terminal.cpp:37 operator (): connect failed, error= Kan geen verbinding maken omdat de doelcomputer de verbinding actief heeft geweigerd., this = 0x219d2fa0
[2023-11-06 22:26:26.730] [pxr_streamer] [error] rpc_terminal.cpp:37 operator (): connect failed, error= Kan geen verbinding maken omdat de doelcomputer de verbinding actief heeft geweigerd., this = 0x219d2fa0
[2023-11-06 22:26:29.750] [pxr_streamer] [error] rpc_terminal.cpp:37 operator (): connect failed, error= Kan geen verbinding maken omdat de doelcomputer de verbinding actief heeft geweigerd., this = 0x219d2fa0
[2023-11-06 22:26:32.785] [pxr_streamer] [error] rpc_terminal.cpp:37 operator (): connect failed, error= Kan geen verbinding maken omdat de doelcomputer de verbinding actief heeft geweigerd., this = 0x219d2fa0
[2023-11-06 22:26:35.816] [pxr_streamer] [error] rpc_terminal.cpp:37 operator (): connect failed, error= Kan geen verbinding maken omdat de doelcomputer de verbinding actief heeft geweigerd., this = 0x219d2fa0
[2023-11-06 22:26:38.840] [pxr_streamer] [error] rpc_terminal.cpp:37 operator (): connect failed, error= Kan geen verbinding maken omdat de doelcomputer de verbinding actief heeft geweigerd., this = 0x219d2fa0
[2023-11-06 22:26:41.896] [pxr_streamer] [error] rpc_terminal.cpp:37 operator (): connect failed, error= Kan geen verbinding maken omdat de doelcomputer de verbinding actief heeft geweigerd., this = 0x219d2fa0
[2023-11-06 22:26:44.921] [pxr_streamer] [error] rpc_terminal.cpp:37 operator (): connect failed, error= Kan geen verbinding maken omdat de doelcomputer de verbinding actief heeft geweigerd., this = 0x219d2fa0
[2023-11-06 22:26:47.966] [pxr_streamer] [error] rpc_terminal.cpp:37 operator (): connect failed, error= Kan geen verbinding maken omdat de doelcomputer de verbinding actief heeft geweigerd., this = 0x219d2fa0
[2023-11-06 22:26:51.015] [pxr_streamer] [error] rpc_terminal.cpp:37 operator (): connect failed, error= Kan geen verbinding maken omdat de doelcomputer de verbinding actief heeft geweigerd., this = 0x219d2fa0
[2023-11-06 22:26:54.077] [pxr_streamer] [error] rpc_terminal.cpp:37 operator (): connect failed, error= Kan geen verbinding maken omdat de doelcomputer de verbinding actief heeft geweigerd., this = 0x219d2fa0
[2023-11-06 22:26:57.126] [pxr_streamer] [error] rpc_terminal.cpp:37 operator (): connect failed, error= Kan geen verbinding maken omdat de doelcomputer de verbinding actief heeft geweigerd., this = 0x219d2fa0
[2023-11-06 22:27:00.175] [pxr_streamer] [error] rpc_terminal.cpp:37 operator (): connect failed, error= Kan geen verbinding maken omdat de doelcomputer de verbinding actief heeft geweigerd., this = 0x219d2fa0
[2023-11-06 22:27:03.227] [pxr_streamer] [error] rpc_terminal.cpp:37 operator (): connect failed, error= Kan geen verbinding maken omdat de doelcomputer de verbinding actief heeft geweigerd., this = 0x219d2fa0
[2023-11-06 22:27:06.276] [pxr_streamer] [error] rpc_terminal.cpp:37 operator (): connect failed, error= Kan geen verbinding maken omdat de doelcomputer de verbinding actief heeft geweigerd., this = 0x219d2fa0
[2023-11-06 22:27:09.312] [pxr_streamer] [error] rpc_terminal.cpp:37 operator (): connect failed, error= Kan geen verbinding maken omdat de doelcomputer de verbinding actief heeft geweigerd., this = 0x219d2fa0
[2023-11-06 22:27:12.350] [pxr_streamer] [error] rpc_terminal.cpp:37 operator (): connect failed, error= Kan geen verbinding maken omdat de doelcomputer de verbinding actief heeft geweigerd., this = 0x219d2fa0
[2023-11-06 22:27:15.398] [pxr_streamer] [error] rpc_terminal.cpp:37 operator (): connect failed, error= Kan geen verbinding maken omdat de doelcomputer de verbinding actief heeft geweigerd., this = 0x219d2fa0
[2023-11-06 22:27:18.435] [pxr_streamer] [error] rpc_terminal.cpp:37 operator (): connect failed, error= Kan geen verbinding maken omdat de doelcomputer de verbinding actief heeft geweigerd., this = 0x219d2fa0
[2023-11-06 22:27:21.481] [pxr_streamer] [error] rpc_terminal.cpp:37 operator (): connect failed, error= Kan geen verbinding maken omdat de doelcomputer de verbinding actief heeft geweigerd., this = 0x219d2fa0
