[2023-11-03 14:36:05.984] [pxr_streamer] [info] ***********  Log Begin **********
[2023-11-03 14:36:05.984] [pxr_streamer] [info] process id= 5764
[2023-11-03 14:36:05.984] [pxr_streamer] [error] rpc_terminal.cpp:37 operator (): connect failed, error= Kan geen verbinding maken omdat de doelcomputer de verbinding actief heeft geweigerd., this = 0xce4b3050
[2023-11-03 14:36:05.985] [pxr_streamer] [error] rpc_terminal.h:50 Call: invalid rpc_client_, msg = Hello, this = 0xce4b3050
[2023-11-03 14:36:05.985] [pxr_streamer] [error] rpc_terminal.h:50 Call: invalid rpc_client_, msg = QueryRemoteTerminals, this = 0xce4b3050
[2023-11-03 14:36:09.037] [pxr_streamer] [error] rpc_terminal.cpp:37 operator (): connect failed, error= Kan geen verbinding maken omdat de doelcomputer de verbinding actief heeft geweigerd., this = 0xce4b3050
[2023-11-03 14:36:12.062] [pxr_streamer] [error] rpc_terminal.cpp:37 operator (): connect failed, error= Kan geen verbinding maken omdat de doelcomputer de verbinding actief heeft geweigerd., this = 0xce4b3050
[2023-11-03 14:36:15.104] [pxr_streamer] [error] rpc_terminal.cpp:37 operator (): connect failed, error= Kan geen verbinding maken omdat de doelcomputer de verbinding actief heeft geweigerd., this = 0xce4b3050
[2023-11-03 14:36:18.155] [pxr_streamer] [error] rpc_terminal.cpp:37 operator (): connect failed, error= Kan geen verbinding maken omdat de doelcomputer de verbinding actief heeft geweigerd., this = 0xce4b3050
[2023-11-03 14:36:21.188] [pxr_streamer] [error] rpc_terminal.cpp:37 operator (): connect failed, error= Kan geen verbinding maken omdat de doelcomputer de verbinding actief heeft geweigerd., this = 0xce4b3050
[2023-11-03 14:36:24.235] [pxr_streamer] [error] rpc_terminal.cpp:37 operator (): connect failed, error= Kan geen verbinding maken omdat de doelcomputer de verbinding actief heeft geweigerd., this = 0xce4b3050
[2023-11-03 14:36:27.291] [pxr_streamer] [error] rpc_terminal.cpp:37 operator (): connect failed, error= Kan geen verbinding maken omdat de doelcomputer de verbinding actief heeft geweigerd., this = 0xce4b3050
[2023-11-03 14:36:30.328] [pxr_streamer] [error] rpc_terminal.cpp:37 operator (): connect failed, error= Kan geen verbinding maken omdat de doelcomputer de verbinding actief heeft geweigerd., this = 0xce4b3050
[2023-11-03 14:36:33.367] [pxr_streamer] [error] rpc_terminal.cpp:37 operator (): connect failed, error= Kan geen verbinding maken omdat de doelcomputer de verbinding actief heeft geweigerd., this = 0xce4b3050
[2023-11-03 14:36:36.414] [pxr_streamer] [error] rpc_terminal.cpp:37 operator (): connect failed, error= Kan geen verbinding maken omdat de doelcomputer de verbinding actief heeft geweigerd., this = 0xce4b3050
[2023-11-03 14:36:39.465] [pxr_streamer] [error] rpc_terminal.cpp:37 operator (): connect failed, error= Kan geen verbinding maken omdat de doelcomputer de verbinding actief heeft geweigerd., this = 0xce4b3050
[2023-11-03 14:36:42.508] [pxr_streamer] [error] rpc_terminal.cpp:37 operator (): connect failed, error= Kan geen verbinding maken omdat de doelcomputer de verbinding actief heeft geweigerd., this = 0xce4b3050
[2023-11-03 14:36:45.553] [pxr_streamer] [error] rpc_terminal.cpp:37 operator (): connect failed, error= Kan geen verbinding maken omdat de doelcomputer de verbinding actief heeft geweigerd., this = 0xce4b3050
[2023-11-03 14:36:48.585] [pxr_streamer] [error] rpc_terminal.cpp:37 operator (): connect failed, error= Kan geen verbinding maken omdat de doelcomputer de verbinding actief heeft geweigerd., this = 0xce4b3050
[2023-11-03 14:36:51.608] [pxr_streamer] [error] rpc_terminal.cpp:37 operator (): connect failed, error= Kan geen verbinding maken omdat de doelcomputer de verbinding actief heeft geweigerd., this = 0xce4b3050
[2023-11-03 14:36:54.660] [pxr_streamer] [error] rpc_terminal.cpp:37 operator (): connect failed, error= Kan geen verbinding maken omdat de doelcomputer de verbinding actief heeft geweigerd., this = 0xce4b3050
[2023-11-03 14:36:57.709] [pxr_streamer] [error] rpc_terminal.cpp:37 operator (): connect failed, error= Kan geen verbinding maken omdat de doelcomputer de verbinding actief heeft geweigerd., this = 0xce4b3050
[2023-11-03 14:37:00.725] [pxr_streamer] [error] rpc_terminal.cpp:37 operator (): connect failed, error= Kan geen verbinding maken omdat de doelcomputer de verbinding actief heeft geweigerd., this = 0xce4b3050
[2023-11-03 14:37:03.771] [pxr_streamer] [error] rpc_terminal.cpp:37 operator (): connect failed, error= Kan geen verbinding maken omdat de doelcomputer de verbinding actief heeft geweigerd., this = 0xce4b3050
[2023-11-03 14:37:06.827] [pxr_streamer] [error] rpc_terminal.cpp:37 operator (): connect failed, error= Kan geen verbinding maken omdat de doelcomputer de verbinding actief heeft geweigerd., this = 0xce4b3050
[2023-11-03 14:37:09.878] [pxr_streamer] [error] rpc_terminal.cpp:37 operator (): connect failed, error= Kan geen verbinding maken omdat de doelcomputer de verbinding actief heeft geweigerd., this = 0xce4b3050
[2023-11-03 14:37:12.920] [pxr_streamer] [error] rpc_terminal.cpp:37 operator (): connect failed, error= Kan geen verbinding maken omdat de doelcomputer de verbinding actief heeft geweigerd., this = 0xce4b3050
[2023-11-03 14:37:15.954] [pxr_streamer] [error] rpc_terminal.cpp:37 operator (): connect failed, error= Kan geen verbinding maken omdat de doelcomputer de verbinding actief heeft geweigerd., this = 0xce4b3050
[2023-11-03 14:37:18.994] [pxr_streamer] [error] rpc_terminal.cpp:37 operator (): connect failed, error= Kan geen verbinding maken omdat de doelcomputer de verbinding actief heeft geweigerd., this = 0xce4b3050
[2023-11-03 14:37:22.026] [pxr_streamer] [error] rpc_terminal.cpp:37 operator (): connect failed, error= Kan geen verbinding maken omdat de doelcomputer de verbinding actief heeft geweigerd., this = 0xce4b3050
[2023-11-03 14:37:25.076] [pxr_streamer] [error] rpc_terminal.cpp:37 operator (): connect failed, error= Kan geen verbinding maken omdat de doelcomputer de verbinding actief heeft geweigerd., this = 0xce4b3050
[2023-11-03 14:37:28.131] [pxr_streamer] [error] rpc_terminal.cpp:37 operator (): connect failed, error= Kan geen verbinding maken omdat de doelcomputer de verbinding actief heeft geweigerd., this = 0xce4b3050
[2023-11-03 14:37:31.188] [pxr_streamer] [error] rpc_terminal.cpp:37 operator (): connect failed, error= Kan geen verbinding maken omdat de doelcomputer de verbinding actief heeft geweigerd., this = 0xce4b3050
[2023-11-03 14:37:34.222] [pxr_streamer] [error] rpc_terminal.cpp:37 operator (): connect failed, error= Kan geen verbinding maken omdat de doelcomputer de verbinding actief heeft geweigerd., this = 0xce4b3050
[2023-11-03 14:37:37.253] [pxr_streamer] [error] rpc_terminal.cpp:37 operator (): connect failed, error= Kan geen verbinding maken omdat de doelcomputer de verbinding actief heeft geweigerd., this = 0xce4b3050
[2023-11-03 14:37:40.310] [pxr_streamer] [error] rpc_terminal.cpp:37 operator (): connect failed, error= Kan geen verbinding maken omdat de doelcomputer de verbinding actief heeft geweigerd., this = 0xce4b3050
[2023-11-03 14:37:43.353] [pxr_streamer] [error] rpc_terminal.cpp:37 operator (): connect failed, error= Kan geen verbinding maken omdat de doelcomputer de verbinding actief heeft geweigerd., this = 0xce4b3050
[2023-11-03 14:37:46.395] [pxr_streamer] [error] rpc_terminal.cpp:37 operator (): connect failed, error= Kan geen verbinding maken omdat de doelcomputer de verbinding actief heeft geweigerd., this = 0xce4b3050
[2023-11-03 14:37:49.435] [pxr_streamer] [error] rpc_terminal.cpp:37 operator (): connect failed, error= Kan geen verbinding maken omdat de doelcomputer de verbinding actief heeft geweigerd., this = 0xce4b3050
[2023-11-03 14:37:52.501] [pxr_streamer] [error] rpc_terminal.cpp:37 operator (): connect failed, error= Kan geen verbinding maken omdat de doelcomputer de verbinding actief heeft geweigerd., this = 0xce4b3050
[2023-11-03 14:37:55.551] [pxr_streamer] [error] rpc_terminal.cpp:37 operator (): connect failed, error= Kan geen verbinding maken omdat de doelcomputer de verbinding actief heeft geweigerd., this = 0xce4b3050
[2023-11-03 14:37:58.610] [pxr_streamer] [error] rpc_terminal.cpp:37 operator (): connect failed, error= Kan geen verbinding maken omdat de doelcomputer de verbinding actief heeft geweigerd., this = 0xce4b3050
[2023-11-03 14:38:01.654] [pxr_streamer] [error] rpc_terminal.cpp:37 operator (): connect failed, error= Kan geen verbinding maken omdat de doelcomputer de verbinding actief heeft geweigerd., this = 0xce4b3050
[2023-11-03 14:38:04.705] [pxr_streamer] [error] rpc_terminal.cpp:37 operator (): connect failed, error= Kan geen verbinding maken omdat de doelcomputer de verbinding actief heeft geweigerd., this = 0xce4b3050
[2023-11-03 14:38:07.734] [pxr_streamer] [error] rpc_terminal.cpp:37 operator (): connect failed, error= Kan geen verbinding maken omdat de doelcomputer de verbinding actief heeft geweigerd., this = 0xce4b3050
[2023-11-03 14:38:10.783] [pxr_streamer] [error] rpc_terminal.cpp:37 operator (): connect failed, error= Kan geen verbinding maken omdat de doelcomputer de verbinding actief heeft geweigerd., this = 0xce4b3050
[2023-11-03 14:38:13.832] [pxr_streamer] [error] rpc_terminal.cpp:37 operator (): connect failed, error= Kan geen verbinding maken omdat de doelcomputer de verbinding actief heeft geweigerd., this = 0xce4b3050
[2023-11-03 14:38:16.884] [pxr_streamer] [error] rpc_terminal.cpp:37 operator (): connect failed, error= Kan geen verbinding maken omdat de doelcomputer de verbinding actief heeft geweigerd., this = 0xce4b3050
[2023-11-03 14:38:19.925] [pxr_streamer] [error] rpc_terminal.cpp:37 operator (): connect failed, error= Kan geen verbinding maken omdat de doelcomputer de verbinding actief heeft geweigerd., this = 0xce4b3050
[2023-11-03 14:38:22.963] [pxr_streamer] [error] rpc_terminal.cpp:37 operator (): connect failed, error= Kan geen verbinding maken omdat de doelcomputer de verbinding actief heeft geweigerd., this = 0xce4b3050
[2023-11-03 14:38:26.020] [pxr_streamer] [error] rpc_terminal.cpp:37 operator (): connect failed, error= Kan geen verbinding maken omdat de doelcomputer de verbinding actief heeft geweigerd., this = 0xce4b3050
[2023-11-03 14:38:29.059] [pxr_streamer] [error] rpc_terminal.cpp:37 operator (): connect failed, error= Kan geen verbinding maken omdat de doelcomputer de verbinding actief heeft geweigerd., this = 0xce4b3050
[2023-11-03 14:38:32.100] [pxr_streamer] [error] rpc_terminal.cpp:37 operator (): connect failed, error= Kan geen verbinding maken omdat de doelcomputer de verbinding actief heeft geweigerd., this = 0xce4b3050
[2023-11-03 14:38:35.143] [pxr_streamer] [error] rpc_terminal.cpp:37 operator (): connect failed, error= Kan geen verbinding maken omdat de doelcomputer de verbinding actief heeft geweigerd., this = 0xce4b3050
[2023-11-03 14:38:38.195] [pxr_streamer] [error] rpc_terminal.cpp:37 operator (): connect failed, error= Kan geen verbinding maken omdat de doelcomputer de verbinding actief heeft geweigerd., this = 0xce4b3050
[2023-11-03 14:38:41.247] [pxr_streamer] [error] rpc_terminal.cpp:37 operator (): connect failed, error= Kan geen verbinding maken omdat de doelcomputer de verbinding actief heeft geweigerd., this = 0xce4b3050
[2023-11-03 14:38:44.295] [pxr_streamer] [error] rpc_terminal.cpp:37 operator (): connect failed, error= Kan geen verbinding maken omdat de doelcomputer de verbinding actief heeft geweigerd., this = 0xce4b3050
[2023-11-03 14:38:47.357] [pxr_streamer] [error] rpc_terminal.cpp:37 operator (): connect failed, error= Kan geen verbinding maken omdat de doelcomputer de verbinding actief heeft geweigerd., this = 0xce4b3050
[2023-11-03 14:38:50.410] [pxr_streamer] [error] rpc_terminal.cpp:37 operator (): connect failed, error= Kan geen verbinding maken omdat de doelcomputer de verbinding actief heeft geweigerd., this = 0xce4b3050
[2023-11-03 14:38:53.470] [pxr_streamer] [error] rpc_terminal.cpp:37 operator (): connect failed, error= Kan geen verbinding maken omdat de doelcomputer de verbinding actief heeft geweigerd., this = 0xce4b3050
[2023-11-03 14:38:56.517] [pxr_streamer] [error] rpc_terminal.cpp:37 operator (): connect failed, error= Kan geen verbinding maken omdat de doelcomputer de verbinding actief heeft geweigerd., this = 0xce4b3050
[2023-11-03 14:38:59.563] [pxr_streamer] [error] rpc_terminal.cpp:37 operator (): connect failed, error= Kan geen verbinding maken omdat de doelcomputer de verbinding actief heeft geweigerd., this = 0xce4b3050
[2023-11-03 14:39:02.613] [pxr_streamer] [error] rpc_terminal.cpp:37 operator (): connect failed, error= Kan geen verbinding maken omdat de doelcomputer de verbinding actief heeft geweigerd., this = 0xce4b3050
[2023-11-03 14:39:05.664] [pxr_streamer] [error] rpc_terminal.cpp:37 operator (): connect failed, error= Kan geen verbinding maken omdat de doelcomputer de verbinding actief heeft geweigerd., this = 0xce4b3050
[2023-11-03 14:39:08.700] [pxr_streamer] [error] rpc_terminal.cpp:37 operator (): connect failed, error= Kan geen verbinding maken omdat de doelcomputer de verbinding actief heeft geweigerd., this = 0xce4b3050
[2023-11-03 14:39:11.733] [pxr_streamer] [error] rpc_terminal.cpp:37 operator (): connect failed, error= Kan geen verbinding maken omdat de doelcomputer de verbinding actief heeft geweigerd., this = 0xce4b3050
[2023-11-03 14:39:14.775] [pxr_streamer] [error] rpc_terminal.cpp:37 operator (): connect failed, error= Kan geen verbinding maken omdat de doelcomputer de verbinding actief heeft geweigerd., this = 0xce4b3050
[2023-11-03 14:39:17.823] [pxr_streamer] [error] rpc_terminal.cpp:37 operator (): connect failed, error= Kan geen verbinding maken omdat de doelcomputer de verbinding actief heeft geweigerd., this = 0xce4b3050
[2023-11-03 14:39:20.872] [pxr_streamer] [error] rpc_terminal.cpp:37 operator (): connect failed, error= Kan geen verbinding maken omdat de doelcomputer de verbinding actief heeft geweigerd., this = 0xce4b3050
[2023-11-03 14:39:23.893] [pxr_streamer] [error] rpc_terminal.cpp:37 operator (): connect failed, error= Kan geen verbinding maken omdat de doelcomputer de verbinding actief heeft geweigerd., this = 0xce4b3050
[2023-11-03 14:39:26.955] [pxr_streamer] [error] rpc_terminal.cpp:37 operator (): connect failed, error= Kan geen verbinding maken omdat de doelcomputer de verbinding actief heeft geweigerd., this = 0xce4b3050
[2023-11-03 14:39:29.993] [pxr_streamer] [error] rpc_terminal.cpp:37 operator (): connect failed, error= Kan geen verbinding maken omdat de doelcomputer de verbinding actief heeft geweigerd., this = 0xce4b3050
[2023-11-03 14:39:33.020] [pxr_streamer] [error] rpc_terminal.cpp:37 operator (): connect failed, error= Kan geen verbinding maken omdat de doelcomputer de verbinding actief heeft geweigerd., this = 0xce4b3050
[2023-11-03 14:39:36.066] [pxr_streamer] [error] rpc_terminal.cpp:37 operator (): connect failed, error= Kan geen verbinding maken omdat de doelcomputer de verbinding actief heeft geweigerd., this = 0xce4b3050
[2023-11-03 14:39:39.116] [pxr_streamer] [error] rpc_terminal.cpp:37 operator (): connect failed, error= Kan geen verbinding maken omdat de doelcomputer de verbinding actief heeft geweigerd., this = 0xce4b3050
[2023-11-03 14:39:42.177] [pxr_streamer] [error] rpc_terminal.cpp:37 operator (): connect failed, error= Kan geen verbinding maken omdat de doelcomputer de verbinding actief heeft geweigerd., this = 0xce4b3050
[2023-11-03 14:39:45.238] [pxr_streamer] [error] rpc_terminal.cpp:37 operator (): connect failed, error= Kan geen verbinding maken omdat de doelcomputer de verbinding actief heeft geweigerd., this = 0xce4b3050
[2023-11-03 14:39:48.290] [pxr_streamer] [error] rpc_terminal.cpp:37 operator (): connect failed, error= Kan geen verbinding maken omdat de doelcomputer de verbinding actief heeft geweigerd., this = 0xce4b3050
[2023-11-03 14:39:51.333] [pxr_streamer] [error] rpc_terminal.cpp:37 operator (): connect failed, error= Kan geen verbinding maken omdat de doelcomputer de verbinding actief heeft geweigerd., this = 0xce4b3050
[2023-11-03 14:39:54.405] [pxr_streamer] [error] rpc_terminal.cpp:37 operator (): connect failed, error= Kan geen verbinding maken omdat de doelcomputer de verbinding actief heeft geweigerd., this = 0xce4b3050
[2023-11-03 14:39:57.462] [pxr_streamer] [error] rpc_terminal.cpp:37 operator (): connect failed, error= Kan geen verbinding maken omdat de doelcomputer de verbinding actief heeft geweigerd., this = 0xce4b3050
[2023-11-03 14:40:00.508] [pxr_streamer] [error] rpc_terminal.cpp:37 operator (): connect failed, error= Kan geen verbinding maken omdat de doelcomputer de verbinding actief heeft geweigerd., this = 0xce4b3050
[2023-11-03 14:40:03.549] [pxr_streamer] [error] rpc_terminal.cpp:37 operator (): connect failed, error= Kan geen verbinding maken omdat de doelcomputer de verbinding actief heeft geweigerd., this = 0xce4b3050
[2023-11-03 14:40:06.600] [pxr_streamer] [error] rpc_terminal.cpp:37 operator (): connect failed, error= Kan geen verbinding maken omdat de doelcomputer de verbinding actief heeft geweigerd., this = 0xce4b3050
[2023-11-03 14:40:09.644] [pxr_streamer] [error] rpc_terminal.cpp:37 operator (): connect failed, error= Kan geen verbinding maken omdat de doelcomputer de verbinding actief heeft geweigerd., this = 0xce4b3050
[2023-11-03 14:40:12.689] [pxr_streamer] [error] rpc_terminal.cpp:37 operator (): connect failed, error= Kan geen verbinding maken omdat de doelcomputer de verbinding actief heeft geweigerd., this = 0xce4b3050
[2023-11-03 14:40:15.747] [pxr_streamer] [error] rpc_terminal.cpp:37 operator (): connect failed, error= Kan geen verbinding maken omdat de doelcomputer de verbinding actief heeft geweigerd., this = 0xce4b3050
[2023-11-03 14:40:18.791] [pxr_streamer] [error] rpc_terminal.cpp:37 operator (): connect failed, error= Kan geen verbinding maken omdat de doelcomputer de verbinding actief heeft geweigerd., this = 0xce4b3050
[2023-11-03 14:40:21.837] [pxr_streamer] [error] rpc_terminal.cpp:37 operator (): connect failed, error= Kan geen verbinding maken omdat de doelcomputer de verbinding actief heeft geweigerd., this = 0xce4b3050
[2023-11-03 14:40:24.870] [pxr_streamer] [error] rpc_terminal.cpp:37 operator (): connect failed, error= Kan geen verbinding maken omdat de doelcomputer de verbinding actief heeft geweigerd., this = 0xce4b3050
[2023-11-03 14:40:27.913] [pxr_streamer] [error] rpc_terminal.cpp:37 operator (): connect failed, error= Kan geen verbinding maken omdat de doelcomputer de verbinding actief heeft geweigerd., this = 0xce4b3050
[2023-11-03 14:40:30.956] [pxr_streamer] [error] rpc_terminal.cpp:37 operator (): connect failed, error= Kan geen verbinding maken omdat de doelcomputer de verbinding actief heeft geweigerd., this = 0xce4b3050
[2023-11-03 14:40:34.011] [pxr_streamer] [error] rpc_terminal.cpp:37 operator (): connect failed, error= Kan geen verbinding maken omdat de doelcomputer de verbinding actief heeft geweigerd., this = 0xce4b3050
[2023-11-03 14:40:37.030] [pxr_streamer] [error] rpc_terminal.cpp:37 operator (): connect failed, error= Kan geen verbinding maken omdat de doelcomputer de verbinding actief heeft geweigerd., this = 0xce4b3050
[2023-11-03 14:40:40.059] [pxr_streamer] [error] rpc_terminal.cpp:37 operator (): connect failed, error= Kan geen verbinding maken omdat de doelcomputer de verbinding actief heeft geweigerd., this = 0xce4b3050
[2023-11-03 14:40:43.122] [pxr_streamer] [error] rpc_terminal.cpp:37 operator (): connect failed, error= Kan geen verbinding maken omdat de doelcomputer de verbinding actief heeft geweigerd., this = 0xce4b3050
[2023-11-03 14:40:46.157] [pxr_streamer] [error] rpc_terminal.cpp:37 operator (): connect failed, error= Kan geen verbinding maken omdat de doelcomputer de verbinding actief heeft geweigerd., this = 0xce4b3050
[2023-11-03 14:40:49.188] [pxr_streamer] [error] rpc_terminal.cpp:37 operator (): connect failed, error= Kan geen verbinding maken omdat de doelcomputer de verbinding actief heeft geweigerd., this = 0xce4b3050
[2023-11-03 14:40:52.235] [pxr_streamer] [error] rpc_terminal.cpp:37 operator (): connect failed, error= Kan geen verbinding maken omdat de doelcomputer de verbinding actief heeft geweigerd., this = 0xce4b3050
[2023-11-03 14:40:55.277] [pxr_streamer] [error] rpc_terminal.cpp:37 operator (): connect failed, error= Kan geen verbinding maken omdat de doelcomputer de verbinding actief heeft geweigerd., this = 0xce4b3050
[2023-11-03 14:40:58.314] [pxr_streamer] [error] rpc_terminal.cpp:37 operator (): connect failed, error= Kan geen verbinding maken omdat de doelcomputer de verbinding actief heeft geweigerd., this = 0xce4b3050
[2023-11-03 14:41:01.344] [pxr_streamer] [error] rpc_terminal.cpp:37 operator (): connect failed, error= Kan geen verbinding maken omdat de doelcomputer de verbinding actief heeft geweigerd., this = 0xce4b3050
[2023-11-03 14:41:04.390] [pxr_streamer] [error] rpc_terminal.cpp:37 operator (): connect failed, error= Kan geen verbinding maken omdat de doelcomputer de verbinding actief heeft geweigerd., this = 0xce4b3050
[2023-11-03 14:41:07.441] [pxr_streamer] [error] rpc_terminal.cpp:37 operator (): connect failed, error= Kan geen verbinding maken omdat de doelcomputer de verbinding actief heeft geweigerd., this = 0xce4b3050
[2023-11-03 14:41:10.480] [pxr_streamer] [error] rpc_terminal.cpp:37 operator (): connect failed, error= Kan geen verbinding maken omdat de doelcomputer de verbinding actief heeft geweigerd., this = 0xce4b3050
[2023-11-03 14:41:13.520] [pxr_streamer] [error] rpc_terminal.cpp:37 operator (): connect failed, error= Kan geen verbinding maken omdat de doelcomputer de verbinding actief heeft geweigerd., this = 0xce4b3050
[2023-11-03 14:41:16.556] [pxr_streamer] [error] rpc_terminal.cpp:37 operator (): connect failed, error= Kan geen verbinding maken omdat de doelcomputer de verbinding actief heeft geweigerd., this = 0xce4b3050
[2023-11-03 14:41:19.605] [pxr_streamer] [error] rpc_terminal.cpp:37 operator (): connect failed, error= Kan geen verbinding maken omdat de doelcomputer de verbinding actief heeft geweigerd., this = 0xce4b3050
[2023-11-03 14:41:22.653] [pxr_streamer] [error] rpc_terminal.cpp:37 operator (): connect failed, error= Kan geen verbinding maken omdat de doelcomputer de verbinding actief heeft geweigerd., this = 0xce4b3050
[2023-11-03 14:41:25.693] [pxr_streamer] [error] rpc_terminal.cpp:37 operator (): connect failed, error= Kan geen verbinding maken omdat de doelcomputer de verbinding actief heeft geweigerd., this = 0xce4b3050
[2023-11-03 14:41:28.743] [pxr_streamer] [error] rpc_terminal.cpp:37 operator (): connect failed, error= Kan geen verbinding maken omdat de doelcomputer de verbinding actief heeft geweigerd., this = 0xce4b3050
[2023-11-03 14:41:31.798] [pxr_streamer] [error] rpc_terminal.cpp:37 operator (): connect failed, error= Kan geen verbinding maken omdat de doelcomputer de verbinding actief heeft geweigerd., this = 0xce4b3050
[2023-11-03 14:41:34.841] [pxr_streamer] [error] rpc_terminal.cpp:37 operator (): connect failed, error= Kan geen verbinding maken omdat de doelcomputer de verbinding actief heeft geweigerd., this = 0xce4b3050
[2023-11-03 14:41:37.894] [pxr_streamer] [error] rpc_terminal.cpp:37 operator (): connect failed, error= Kan geen verbinding maken omdat de doelcomputer de verbinding actief heeft geweigerd., this = 0xce4b3050
[2023-11-03 14:41:40.964] [pxr_streamer] [error] rpc_terminal.cpp:37 operator (): connect failed, error= Kan geen verbinding maken omdat de doelcomputer de verbinding actief heeft geweigerd., this = 0xce4b3050
[2023-11-03 14:41:44.017] [pxr_streamer] [error] rpc_terminal.cpp:37 operator (): connect failed, error= Kan geen verbinding maken omdat de doelcomputer de verbinding actief heeft geweigerd., this = 0xce4b3050
[2023-11-03 14:41:47.069] [pxr_streamer] [error] rpc_terminal.cpp:37 operator (): connect failed, error= Kan geen verbinding maken omdat de doelcomputer de verbinding actief heeft geweigerd., this = 0xce4b3050
[2023-11-03 14:41:50.113] [pxr_streamer] [error] rpc_terminal.cpp:37 operator (): connect failed, error= Kan geen verbinding maken omdat de doelcomputer de verbinding actief heeft geweigerd., this = 0xce4b3050
[2023-11-03 14:41:53.153] [pxr_streamer] [error] rpc_terminal.cpp:37 operator (): connect failed, error= Kan geen verbinding maken omdat de doelcomputer de verbinding actief heeft geweigerd., this = 0xce4b3050
[2023-11-03 14:41:56.207] [pxr_streamer] [error] rpc_terminal.cpp:37 operator (): connect failed, error= Kan geen verbinding maken omdat de doelcomputer de verbinding actief heeft geweigerd., this = 0xce4b3050
[2023-11-03 14:41:59.254] [pxr_streamer] [error] rpc_terminal.cpp:37 operator (): connect failed, error= Kan geen verbinding maken omdat de doelcomputer de verbinding actief heeft geweigerd., this = 0xce4b3050
[2023-11-03 14:42:02.288] [pxr_streamer] [error] rpc_terminal.cpp:37 operator (): connect failed, error= Kan geen verbinding maken omdat de doelcomputer de verbinding actief heeft geweigerd., this = 0xce4b3050
[2023-11-03 14:42:05.345] [pxr_streamer] [error] rpc_terminal.cpp:37 operator (): connect failed, error= Kan geen verbinding maken omdat de doelcomputer de verbinding actief heeft geweigerd., this = 0xce4b3050
[2023-11-03 14:42:08.376] [pxr_streamer] [error] rpc_terminal.cpp:37 operator (): connect failed, error= Kan geen verbinding maken omdat de doelcomputer de verbinding actief heeft geweigerd., this = 0xce4b3050
[2023-11-03 14:42:11.407] [pxr_streamer] [error] rpc_terminal.cpp:37 operator (): connect failed, error= Kan geen verbinding maken omdat de doelcomputer de verbinding actief heeft geweigerd., this = 0xce4b3050
[2023-11-03 14:42:14.451] [pxr_streamer] [error] rpc_terminal.cpp:37 operator (): connect failed, error= Kan geen verbinding maken omdat de doelcomputer de verbinding actief heeft geweigerd., this = 0xce4b3050
[2023-11-03 14:42:17.500] [pxr_streamer] [error] rpc_terminal.cpp:37 operator (): connect failed, error= Kan geen verbinding maken omdat de doelcomputer de verbinding actief heeft geweigerd., this = 0xce4b3050
[2023-11-03 14:42:20.540] [pxr_streamer] [error] rpc_terminal.cpp:37 operator (): connect failed, error= Kan geen verbinding maken omdat de doelcomputer de verbinding actief heeft geweigerd., this = 0xce4b3050
[2023-11-03 14:42:23.582] [pxr_streamer] [error] rpc_terminal.cpp:37 operator (): connect failed, error= Kan geen verbinding maken omdat de doelcomputer de verbinding actief heeft geweigerd., this = 0xce4b3050
[2023-11-03 14:42:26.617] [pxr_streamer] [error] rpc_terminal.cpp:37 operator (): connect failed, error= Kan geen verbinding maken omdat de doelcomputer de verbinding actief heeft geweigerd., this = 0xce4b3050
[2023-11-03 14:42:29.685] [pxr_streamer] [error] rpc_terminal.cpp:37 operator (): connect failed, error= Kan geen verbinding maken omdat de doelcomputer de verbinding actief heeft geweigerd., this = 0xce4b3050
[2023-11-03 14:42:32.748] [pxr_streamer] [error] rpc_terminal.cpp:37 operator (): connect failed, error= Kan geen verbinding maken omdat de doelcomputer de verbinding actief heeft geweigerd., this = 0xce4b3050
[2023-11-03 14:42:35.800] [pxr_streamer] [error] rpc_terminal.cpp:37 operator (): connect failed, error= Kan geen verbinding maken omdat de doelcomputer de verbinding actief heeft geweigerd., this = 0xce4b3050
[2023-11-03 14:42:38.867] [pxr_streamer] [error] rpc_terminal.cpp:37 operator (): connect failed, error= Kan geen verbinding maken omdat de doelcomputer de verbinding actief heeft geweigerd., this = 0xce4b3050
[2023-11-03 14:42:41.899] [pxr_streamer] [error] rpc_terminal.cpp:37 operator (): connect failed, error= Kan geen verbinding maken omdat de doelcomputer de verbinding actief heeft geweigerd., this = 0xce4b3050
[2023-11-03 14:42:44.940] [pxr_streamer] [error] rpc_terminal.cpp:37 operator (): connect failed, error= Kan geen verbinding maken omdat de doelcomputer de verbinding actief heeft geweigerd., this = 0xce4b3050
[2023-11-03 14:42:48.002] [pxr_streamer] [error] rpc_terminal.cpp:37 operator (): connect failed, error= Kan geen verbinding maken omdat de doelcomputer de verbinding actief heeft geweigerd., this = 0xce4b3050
[2023-11-03 14:42:51.056] [pxr_streamer] [error] rpc_terminal.cpp:37 operator (): connect failed, error= Kan geen verbinding maken omdat de doelcomputer de verbinding actief heeft geweigerd., this = 0xce4b3050
[2023-11-03 14:42:54.124] [pxr_streamer] [error] rpc_terminal.cpp:37 operator (): connect failed, error= Kan geen verbinding maken omdat de doelcomputer de verbinding actief heeft geweigerd., this = 0xce4b3050
[2023-11-03 14:42:57.190] [pxr_streamer] [error] rpc_terminal.cpp:37 operator (): connect failed, error= Kan geen verbinding maken omdat de doelcomputer de verbinding actief heeft geweigerd., this = 0xce4b3050
[2023-11-03 14:43:00.236] [pxr_streamer] [error] rpc_terminal.cpp:37 operator (): connect failed, error= Kan geen verbinding maken omdat de doelcomputer de verbinding actief heeft geweigerd., this = 0xce4b3050
[2023-11-03 14:43:03.279] [pxr_streamer] [error] rpc_terminal.cpp:37 operator (): connect failed, error= Kan geen verbinding maken omdat de doelcomputer de verbinding actief heeft geweigerd., this = 0xce4b3050
[2023-11-03 14:43:06.332] [pxr_streamer] [error] rpc_terminal.cpp:37 operator (): connect failed, error= Kan geen verbinding maken omdat de doelcomputer de verbinding actief heeft geweigerd., this = 0xce4b3050
[2023-11-03 14:43:09.389] [pxr_streamer] [error] rpc_terminal.cpp:37 operator (): connect failed, error= Kan geen verbinding maken omdat de doelcomputer de verbinding actief heeft geweigerd., this = 0xce4b3050
[2023-11-03 14:43:12.429] [pxr_streamer] [error] rpc_terminal.cpp:37 operator (): connect failed, error= Kan geen verbinding maken omdat de doelcomputer de verbinding actief heeft geweigerd., this = 0xce4b3050
[2023-11-03 14:43:15.481] [pxr_streamer] [error] rpc_terminal.cpp:37 operator (): connect failed, error= Kan geen verbinding maken omdat de doelcomputer de verbinding actief heeft geweigerd., this = 0xce4b3050
[2023-11-03 14:43:18.518] [pxr_streamer] [error] rpc_terminal.cpp:37 operator (): connect failed, error= Kan geen verbinding maken omdat de doelcomputer de verbinding actief heeft geweigerd., this = 0xce4b3050
[2023-11-03 14:43:21.563] [pxr_streamer] [error] rpc_terminal.cpp:37 operator (): connect failed, error= Kan geen verbinding maken omdat de doelcomputer de verbinding actief heeft geweigerd., this = 0xce4b3050
[2023-11-03 14:43:24.600] [pxr_streamer] [error] rpc_terminal.cpp:37 operator (): connect failed, error= Kan geen verbinding maken omdat de doelcomputer de verbinding actief heeft geweigerd., this = 0xce4b3050
[2023-11-03 14:43:27.641] [pxr_streamer] [error] rpc_terminal.cpp:37 operator (): connect failed, error= Kan geen verbinding maken omdat de doelcomputer de verbinding actief heeft geweigerd., this = 0xce4b3050
[2023-11-03 14:43:30.685] [pxr_streamer] [error] rpc_terminal.cpp:37 operator (): connect failed, error= Kan geen verbinding maken omdat de doelcomputer de verbinding actief heeft geweigerd., this = 0xce4b3050
[2023-11-03 14:43:33.735] [pxr_streamer] [error] rpc_terminal.cpp:37 operator (): connect failed, error= Kan geen verbinding maken omdat de doelcomputer de verbinding actief heeft geweigerd., this = 0xce4b3050
[2023-11-03 14:43:36.782] [pxr_streamer] [error] rpc_terminal.cpp:37 operator (): connect failed, error= Kan geen verbinding maken omdat de doelcomputer de verbinding actief heeft geweigerd., this = 0xce4b3050
[2023-11-03 14:43:39.820] [pxr_streamer] [error] rpc_terminal.cpp:37 operator (): connect failed, error= Kan geen verbinding maken omdat de doelcomputer de verbinding actief heeft geweigerd., this = 0xce4b3050
[2023-11-03 14:43:42.862] [pxr_streamer] [error] rpc_terminal.cpp:37 operator (): connect failed, error= Kan geen verbinding maken omdat de doelcomputer de verbinding actief heeft geweigerd., this = 0xce4b3050
[2023-11-03 14:43:45.908] [pxr_streamer] [error] rpc_terminal.cpp:37 operator (): connect failed, error= Kan geen verbinding maken omdat de doelcomputer de verbinding actief heeft geweigerd., this = 0xce4b3050
[2023-11-03 14:43:48.947] [pxr_streamer] [error] rpc_terminal.cpp:37 operator (): connect failed, error= Kan geen verbinding maken omdat de doelcomputer de verbinding actief heeft geweigerd., this = 0xce4b3050
[2023-11-03 14:43:52.011] [pxr_streamer] [error] rpc_terminal.cpp:37 operator (): connect failed, error= Kan geen verbinding maken omdat de doelcomputer de verbinding actief heeft geweigerd., this = 0xce4b3050
[2023-11-03 14:43:55.067] [pxr_streamer] [error] rpc_terminal.cpp:37 operator (): connect failed, error= Kan geen verbinding maken omdat de doelcomputer de verbinding actief heeft geweigerd., this = 0xce4b3050
[2023-11-03 14:43:58.117] [pxr_streamer] [error] rpc_terminal.cpp:37 operator (): connect failed, error= Kan geen verbinding maken omdat de doelcomputer de verbinding actief heeft geweigerd., this = 0xce4b3050
[2023-11-03 14:44:01.165] [pxr_streamer] [error] rpc_terminal.cpp:37 operator (): connect failed, error= Kan geen verbinding maken omdat de doelcomputer de verbinding actief heeft geweigerd., this = 0xce4b3050
[2023-11-03 14:44:04.203] [pxr_streamer] [error] rpc_terminal.cpp:37 operator (): connect failed, error= Kan geen verbinding maken omdat de doelcomputer de verbinding actief heeft geweigerd., this = 0xce4b3050
[2023-11-03 14:44:07.267] [pxr_streamer] [error] rpc_terminal.cpp:37 operator (): connect failed, error= Kan geen verbinding maken omdat de doelcomputer de verbinding actief heeft geweigerd., this = 0xce4b3050
[2023-11-03 14:44:10.314] [pxr_streamer] [error] rpc_terminal.cpp:37 operator (): connect failed, error= Kan geen verbinding maken omdat de doelcomputer de verbinding actief heeft geweigerd., this = 0xce4b3050
[2023-11-03 14:44:13.374] [pxr_streamer] [error] rpc_terminal.cpp:37 operator (): connect failed, error= Kan geen verbinding maken omdat de doelcomputer de verbinding actief heeft geweigerd., this = 0xce4b3050
[2023-11-03 14:44:16.418] [pxr_streamer] [error] rpc_terminal.cpp:37 operator (): connect failed, error= Kan geen verbinding maken omdat de doelcomputer de verbinding actief heeft geweigerd., this = 0xce4b3050
[2023-11-03 14:44:19.457] [pxr_streamer] [error] rpc_terminal.cpp:37 operator (): connect failed, error= Kan geen verbinding maken omdat de doelcomputer de verbinding actief heeft geweigerd., this = 0xce4b3050
[2023-11-03 14:44:22.495] [pxr_streamer] [error] rpc_terminal.cpp:37 operator (): connect failed, error= Kan geen verbinding maken omdat de doelcomputer de verbinding actief heeft geweigerd., this = 0xce4b3050
[2023-11-03 14:44:25.549] [pxr_streamer] [error] rpc_terminal.cpp:37 operator (): connect failed, error= Kan geen verbinding maken omdat de doelcomputer de verbinding actief heeft geweigerd., this = 0xce4b3050
[2023-11-03 14:44:28.589] [pxr_streamer] [error] rpc_terminal.cpp:37 operator (): connect failed, error= Kan geen verbinding maken omdat de doelcomputer de verbinding actief heeft geweigerd., this = 0xce4b3050
[2023-11-03 14:44:31.634] [pxr_streamer] [error] rpc_terminal.cpp:37 operator (): connect failed, error= Kan geen verbinding maken omdat de doelcomputer de verbinding actief heeft geweigerd., this = 0xce4b3050
[2023-11-03 14:44:34.686] [pxr_streamer] [error] rpc_terminal.cpp:37 operator (): connect failed, error= Kan geen verbinding maken omdat de doelcomputer de verbinding actief heeft geweigerd., this = 0xce4b3050
[2023-11-03 14:44:37.729] [pxr_streamer] [error] rpc_terminal.cpp:37 operator (): connect failed, error= Kan geen verbinding maken omdat de doelcomputer de verbinding actief heeft geweigerd., this = 0xce4b3050
[2023-11-03 14:44:40.786] [pxr_streamer] [error] rpc_terminal.cpp:37 operator (): connect failed, error= Kan geen verbinding maken omdat de doelcomputer de verbinding actief heeft geweigerd., this = 0xce4b3050
[2023-11-03 14:44:43.820] [pxr_streamer] [error] rpc_terminal.cpp:37 operator (): connect failed, error= Kan geen verbinding maken omdat de doelcomputer de verbinding actief heeft geweigerd., this = 0xce4b3050
[2023-11-03 14:44:46.870] [pxr_streamer] [error] rpc_terminal.cpp:37 operator (): connect failed, error= Kan geen verbinding maken omdat de doelcomputer de verbinding actief heeft geweigerd., this = 0xce4b3050
[2023-11-03 14:44:49.906] [pxr_streamer] [error] rpc_terminal.cpp:37 operator (): connect failed, error= Kan geen verbinding maken omdat de doelcomputer de verbinding actief heeft geweigerd., this = 0xce4b3050
[2023-11-03 14:44:52.951] [pxr_streamer] [error] rpc_terminal.cpp:37 operator (): connect failed, error= Kan geen verbinding maken omdat de doelcomputer de verbinding actief heeft geweigerd., this = 0xce4b3050
[2023-11-03 14:44:55.976] [pxr_streamer] [error] rpc_terminal.cpp:37 operator (): connect failed, error= Kan geen verbinding maken omdat de doelcomputer de verbinding actief heeft geweigerd., this = 0xce4b3050
